<?xml version="1.0" encoding="UTF-8"?>
<testsuite name="org.kryanbeane.coachr.console.models.ClientMemStoreTest" tests="13" skipped="0" failures="0" errors="0" timestamp="2022-10-12T09:06:49" hostname="fedora" time="21.815">
  <properties/>
  <testcase name="findExercise()" classname="org.kryanbeane.coachr.console.models.ClientMemStoreTest" time="0.478"/>
  <testcase name="findWorkout()" classname="org.kryanbeane.coachr.console.models.ClientMemStoreTest" time="0.548"/>
  <testcase name="updateExercise()" classname="org.kryanbeane.coachr.console.models.ClientMemStoreTest" time="0.766"/>
  <testcase name="createExercise()" classname="org.kryanbeane.coachr.console.models.ClientMemStoreTest" time="0.493"/>
  <testcase name="deleteClient()" classname="org.kryanbeane.coachr.console.models.ClientMemStoreTest" time="0.13"/>
  <testcase name="findAll()" classname="org.kryanbeane.coachr.console.models.ClientMemStoreTest" time="0.17"/>
  <testcase name="createClientWorkout()" classname="org.kryanbeane.coachr.console.models.ClientMemStoreTest" time="0.159"/>
  <testcase name="findClient()" classname="org.kryanbeane.coachr.console.models.ClientMemStoreTest" time="0.165"/>
  <testcase name="deleteExercise()" classname="org.kryanbeane.coachr.console.models.ClientMemStoreTest" time="0.147"/>
  <testcase name="updateWorkoutDetails()" classname="org.kryanbeane.coachr.console.models.ClientMemStoreTest" time="0.214"/>
  <testcase name="createClient()" classname="org.kryanbeane.coachr.console.models.ClientMemStoreTest" time="0.137"/>
  <testcase name="deleteWorkout()" classname="org.kryanbeane.coachr.console.models.ClientMemStoreTest" time="0.184"/>
  <testcase name="updateClientDetails()" classname="org.kryanbeane.coachr.console.models.ClientMemStoreTest" time="0.138"/>
  <system-out><![CDATA[










Coachr App v1.1.0











Coachr App v1.1.0











Coachr App v1.1.0











Coachr App v1.1.0











Coachr App v1.1.0











Coachr App v1.1.0











Coachr App v1.1.0











Coachr App v1.1.0











Coachr App v1.1.0











Coachr App v1.1.0











Coachr App v1.1.0











Coachr App v1.1.0











Coachr App v1.1.0
]]></system-out>
  <system-err><![CDATA[[Test worker] INFO org.mongodb.driver.client - MongoClient with metadata {"driver": {"name": "mongo-java-driver|sync|kmongo", "version": "4.7.1"}, "os": {"type": "Linux", "name": "Linux", "architecture": "amd64", "version": "5.19.13-200.fc36.x86_64"}, "platform": "Java/Red Hat, Inc./17.0.4.1+1|Kotlin/1.7.10"} created with settings MongoClientSettings{readPreference=primary, writeConcern=WriteConcern{w=null, wTimeout=null ms, journal=null}, retryWrites=true, retryReads=true, readConcern=ReadConcern{level=null}, credential=MongoCredential{mechanism=null, userName='bryan', source='admin', password=<hidden>, mechanismProperties=<hidden>}, streamFactoryFactory=null, commandListeners=[], codecRegistry=ProvidersCodecRegistry{codecProviders=[OverridableUuidRepresentationCodecRegistry{wrapped=ProvidersCodecRegistry{codecProviders=[ValueCodecProvider{}, BsonValueCodecProvider{}, DBRefCodecProvider{}, DBObjectCodecProvider{}, DocumentCodecProvider{}, IterableCodecProvider{}, MapCodecProvider{}, GeoJsonCodecProvider{}, GridFSFileCodecProvider{}, Jsr310CodecProvider{}, JsonObjectCodecProvider{}, BsonCodecProvider{}]}, uuidRepresentation=UNSPECIFIED}, org.litote.kmongo.service.CustomCodecProvider@4b54af3d, ProvidersCodecRegistry{codecProviders=[org.litote.kmongo.jackson.JacksonCodecProvider@7bb35cc6]}]}, clusterSettings={hosts=[127.0.0.1:27017], srvHost=coachr-client-db.blxcxzn.mongodb.net, srvServiceName=mongodb, mode=MULTIPLE, requiredClusterType=REPLICA_SET, requiredReplicaSetName='atlas-6hdzur-shard-0', serverSelector='null', clusterListeners='[]', serverSelectionTimeout='30000 ms', localThreshold='30000 ms'}, socketSettings=SocketSettings{connectTimeoutMS=10000, readTimeoutMS=0, receiveBufferSize=0, sendBufferSize=0}, heartbeatSocketSettings=SocketSettings{connectTimeoutMS=10000, readTimeoutMS=10000, receiveBufferSize=0, sendBufferSize=0}, connectionPoolSettings=ConnectionPoolSettings{maxSize=100, minSize=0, maxWaitTimeMS=120000, maxConnectionLifeTimeMS=0, maxConnectionIdleTimeMS=0, maintenanceInitialDelayMS=0, maintenanceFrequencyMS=60000, connectionPoolListeners=[], maxConnecting=2}, serverSettings=ServerSettings{heartbeatFrequencyMS=10000, minHeartbeatFrequencyMS=500, serverListeners='[]', serverMonitorListeners='[]'}, sslSettings=SslSettings{enabled=true, invalidHostNameAllowed=false, context=null}, applicationName='null', compressorList=[], uuidRepresentation=UNSPECIFIED, serverApi=null, autoEncryptionSettings=null, contextProvider=null}
[cluster-ClusterId{value='634683a7f3bc457a00eb436a', description='null'}-srv-coachr-client-db.blxcxzn.mongodb.net] INFO org.mongodb.driver.cluster - Adding discovered server ac-5bfewms-shard-00-02.blxcxzn.mongodb.net:27017 to client view of cluster
[cluster-ClusterId{value='634683a7f3bc457a00eb436a', description='null'}-srv-coachr-client-db.blxcxzn.mongodb.net] INFO org.mongodb.driver.cluster - Adding discovered server ac-5bfewms-shard-00-01.blxcxzn.mongodb.net:27017 to client view of cluster
[cluster-ClusterId{value='634683a7f3bc457a00eb436a', description='null'}-srv-coachr-client-db.blxcxzn.mongodb.net] INFO org.mongodb.driver.cluster - Adding discovered server ac-5bfewms-shard-00-00.blxcxzn.mongodb.net:27017 to client view of cluster
[cluster-rtt-ClusterId{value='634683a7f3bc457a00eb436a', description='null'}-ac-5bfewms-shard-00-02.blxcxzn.mongodb.net:27017] INFO org.mongodb.driver.connection - Opened connection [connectionId{localValue:4, serverValue:179341}] to ac-5bfewms-shard-00-02.blxcxzn.mongodb.net:27017
[cluster-ClusterId{value='634683a7f3bc457a00eb436a', description='null'}-ac-5bfewms-shard-00-01.blxcxzn.mongodb.net:27017] INFO org.mongodb.driver.connection - Opened connection [connectionId{localValue:3, serverValue:178448}] to ac-5bfewms-shard-00-01.blxcxzn.mongodb.net:27017
[cluster-ClusterId{value='634683a7f3bc457a00eb436a', description='null'}-ac-5bfewms-shard-00-00.blxcxzn.mongodb.net:27017] INFO org.mongodb.driver.connection - Opened connection [connectionId{localValue:1, serverValue:178581}] to ac-5bfewms-shard-00-00.blxcxzn.mongodb.net:27017
[cluster-ClusterId{value='634683a7f3bc457a00eb436a', description='null'}-ac-5bfewms-shard-00-02.blxcxzn.mongodb.net:27017] INFO org.mongodb.driver.connection - Opened connection [connectionId{localValue:5, serverValue:179511}] to ac-5bfewms-shard-00-02.blxcxzn.mongodb.net:27017
[cluster-rtt-ClusterId{value='634683a7f3bc457a00eb436a', description='null'}-ac-5bfewms-shard-00-00.blxcxzn.mongodb.net:27017] INFO org.mongodb.driver.connection - Opened connection [connectionId{localValue:2, serverValue:178593}] to ac-5bfewms-shard-00-00.blxcxzn.mongodb.net:27017
[cluster-rtt-ClusterId{value='634683a7f3bc457a00eb436a', description='null'}-ac-5bfewms-shard-00-01.blxcxzn.mongodb.net:27017] INFO org.mongodb.driver.connection - Opened connection [connectionId{localValue:6, serverValue:178437}] to ac-5bfewms-shard-00-01.blxcxzn.mongodb.net:27017
[cluster-ClusterId{value='634683a7f3bc457a00eb436a', description='null'}-ac-5bfewms-shard-00-00.blxcxzn.mongodb.net:27017] INFO org.mongodb.driver.cluster - Monitor thread successfully connected to server with description ServerDescription{address=ac-5bfewms-shard-00-00.blxcxzn.mongodb.net:27017, type=REPLICA_SET_SECONDARY, state=CONNECTED, ok=true, minWireVersion=0, maxWireVersion=13, maxDocumentSize=16777216, logicalSessionTimeoutMinutes=30, roundTripTimeNanos=160645679, setName='atlas-6hdzur-shard-0', canonicalAddress=ac-5bfewms-shard-00-00.blxcxzn.mongodb.net:27017, hosts=[ac-5bfewms-shard-00-00.blxcxzn.mongodb.net:27017, ac-5bfewms-shard-00-01.blxcxzn.mongodb.net:27017, ac-5bfewms-shard-00-02.blxcxzn.mongodb.net:27017], passives=[], arbiters=[], primary='ac-5bfewms-shard-00-02.blxcxzn.mongodb.net:27017', tagSet=TagSet{[Tag{name='nodeType', value='ELECTABLE'}, Tag{name='provider', value='AWS'}, Tag{name='region', value='EU_WEST_1'}, Tag{name='workloadType', value='OPERATIONAL'}]}, electionId=null, setVersion=7, topologyVersion=TopologyVersion{processId=633c34c08aae8d2d02d0a4c3, counter=4}, lastWriteDate=Wed Oct 12 10:06:48 IST 2022, lastUpdateTimeNanos=112892521743709}
[cluster-ClusterId{value='634683a7f3bc457a00eb436a', description='null'}-ac-5bfewms-shard-00-01.blxcxzn.mongodb.net:27017] INFO org.mongodb.driver.cluster - Monitor thread successfully connected to server with description ServerDescription{address=ac-5bfewms-shard-00-01.blxcxzn.mongodb.net:27017, type=REPLICA_SET_SECONDARY, state=CONNECTED, ok=true, minWireVersion=0, maxWireVersion=13, maxDocumentSize=16777216, logicalSessionTimeoutMinutes=30, roundTripTimeNanos=160645510, setName='atlas-6hdzur-shard-0', canonicalAddress=ac-5bfewms-shard-00-01.blxcxzn.mongodb.net:27017, hosts=[ac-5bfewms-shard-00-00.blxcxzn.mongodb.net:27017, ac-5bfewms-shard-00-01.blxcxzn.mongodb.net:27017, ac-5bfewms-shard-00-02.blxcxzn.mongodb.net:27017], passives=[], arbiters=[], primary='ac-5bfewms-shard-00-02.blxcxzn.mongodb.net:27017', tagSet=TagSet{[Tag{name='nodeType', value='ELECTABLE'}, Tag{name='provider', value='AWS'}, Tag{name='region', value='EU_WEST_1'}, Tag{name='workloadType', value='OPERATIONAL'}]}, electionId=null, setVersion=7, topologyVersion=TopologyVersion{processId=633c3565365488d3ed6b008e, counter=3}, lastWriteDate=Wed Oct 12 10:06:48 IST 2022, lastUpdateTimeNanos=112892521743285}
[cluster-ClusterId{value='634683a7f3bc457a00eb436a', description='null'}-ac-5bfewms-shard-00-02.blxcxzn.mongodb.net:27017] INFO org.mongodb.driver.cluster - Monitor thread successfully connected to server with description ServerDescription{address=ac-5bfewms-shard-00-02.blxcxzn.mongodb.net:27017, type=REPLICA_SET_PRIMARY, state=CONNECTED, ok=true, minWireVersion=0, maxWireVersion=13, maxDocumentSize=16777216, logicalSessionTimeoutMinutes=30, roundTripTimeNanos=160639741, setName='atlas-6hdzur-shard-0', canonicalAddress=ac-5bfewms-shard-00-02.blxcxzn.mongodb.net:27017, hosts=[ac-5bfewms-shard-00-00.blxcxzn.mongodb.net:27017, ac-5bfewms-shard-00-01.blxcxzn.mongodb.net:27017, ac-5bfewms-shard-00-02.blxcxzn.mongodb.net:27017], passives=[], arbiters=[], primary='ac-5bfewms-shard-00-02.blxcxzn.mongodb.net:27017', tagSet=TagSet{[Tag{name='nodeType', value='ELECTABLE'}, Tag{name='provider', value='AWS'}, Tag{name='region', value='EU_WEST_1'}, Tag{name='workloadType', value='OPERATIONAL'}]}, electionId=7fffffff0000000000000056, setVersion=7, topologyVersion=TopologyVersion{processId=633c35123507a642fa1fa1a2, counter=6}, lastWriteDate=Wed Oct 12 10:06:48 IST 2022, lastUpdateTimeNanos=112892521743170}
[cluster-ClusterId{value='634683a7f3bc457a00eb436a', description='null'}-ac-5bfewms-shard-00-02.blxcxzn.mongodb.net:27017] INFO org.mongodb.driver.cluster - Setting max election id to 7fffffff0000000000000056 from replica set primary ac-5bfewms-shard-00-02.blxcxzn.mongodb.net:27017
[cluster-ClusterId{value='634683a7f3bc457a00eb436a', description='null'}-ac-5bfewms-shard-00-02.blxcxzn.mongodb.net:27017] INFO org.mongodb.driver.cluster - Setting max set version to 7 from replica set primary ac-5bfewms-shard-00-02.blxcxzn.mongodb.net:27017
[cluster-ClusterId{value='634683a7f3bc457a00eb436a', description='null'}-ac-5bfewms-shard-00-02.blxcxzn.mongodb.net:27017] INFO org.mongodb.driver.cluster - Discovered replica set primary ac-5bfewms-shard-00-02.blxcxzn.mongodb.net:27017
[Test worker] INFO org.mongodb.driver.connection - Opened connection [connectionId{localValue:7, serverValue:179244}] to ac-5bfewms-shard-00-02.blxcxzn.mongodb.net:27017
[Test worker] INFO org.mongodb.driver.client - MongoClient with metadata {"driver": {"name": "mongo-java-driver|sync|kmongo", "version": "4.7.1"}, "os": {"type": "Linux", "name": "Linux", "architecture": "amd64", "version": "5.19.13-200.fc36.x86_64"}, "platform": "Java/Red Hat, Inc./17.0.4.1+1|Kotlin/1.7.10"} created with settings MongoClientSettings{readPreference=primary, writeConcern=WriteConcern{w=null, wTimeout=null ms, journal=null}, retryWrites=true, retryReads=true, readConcern=ReadConcern{level=null}, credential=MongoCredential{mechanism=null, userName='bryan', source='admin', password=<hidden>, mechanismProperties=<hidden>}, streamFactoryFactory=null, commandListeners=[], codecRegistry=ProvidersCodecRegistry{codecProviders=[OverridableUuidRepresentationCodecRegistry{wrapped=ProvidersCodecRegistry{codecProviders=[ValueCodecProvider{}, BsonValueCodecProvider{}, DBRefCodecProvider{}, DBObjectCodecProvider{}, DocumentCodecProvider{}, IterableCodecProvider{}, MapCodecProvider{}, GeoJsonCodecProvider{}, GridFSFileCodecProvider{}, Jsr310CodecProvider{}, JsonObjectCodecProvider{}, BsonCodecProvider{}]}, uuidRepresentation=UNSPECIFIED}, org.litote.kmongo.service.CustomCodecProvider@4b54af3d, ProvidersCodecRegistry{codecProviders=[org.litote.kmongo.jackson.JacksonCodecProvider@7bb35cc6]}]}, clusterSettings={hosts=[127.0.0.1:27017], srvHost=coachr-client-db.blxcxzn.mongodb.net, srvServiceName=mongodb, mode=MULTIPLE, requiredClusterType=REPLICA_SET, requiredReplicaSetName='atlas-6hdzur-shard-0', serverSelector='null', clusterListeners='[]', serverSelectionTimeout='30000 ms', localThreshold='30000 ms'}, socketSettings=SocketSettings{connectTimeoutMS=10000, readTimeoutMS=0, receiveBufferSize=0, sendBufferSize=0}, heartbeatSocketSettings=SocketSettings{connectTimeoutMS=10000, readTimeoutMS=10000, receiveBufferSize=0, sendBufferSize=0}, connectionPoolSettings=ConnectionPoolSettings{maxSize=100, minSize=0, maxWaitTimeMS=120000, maxConnectionLifeTimeMS=0, maxConnectionIdleTimeMS=0, maintenanceInitialDelayMS=0, maintenanceFrequencyMS=60000, connectionPoolListeners=[], maxConnecting=2}, serverSettings=ServerSettings{heartbeatFrequencyMS=10000, minHeartbeatFrequencyMS=500, serverListeners='[]', serverMonitorListeners='[]'}, sslSettings=SslSettings{enabled=true, invalidHostNameAllowed=false, context=null}, applicationName='null', compressorList=[], uuidRepresentation=UNSPECIFIED, serverApi=null, autoEncryptionSettings=null, contextProvider=null}
[cluster-ClusterId{value='634683a9f3bc457a00eb436b', description='null'}-srv-coachr-client-db.blxcxzn.mongodb.net] INFO org.mongodb.driver.cluster - Adding discovered server ac-5bfewms-shard-00-02.blxcxzn.mongodb.net:27017 to client view of cluster
[cluster-ClusterId{value='634683a9f3bc457a00eb436b', description='null'}-srv-coachr-client-db.blxcxzn.mongodb.net] INFO org.mongodb.driver.cluster - Adding discovered server ac-5bfewms-shard-00-01.blxcxzn.mongodb.net:27017 to client view of cluster
[cluster-ClusterId{value='634683a9f3bc457a00eb436b', description='null'}-srv-coachr-client-db.blxcxzn.mongodb.net] INFO org.mongodb.driver.cluster - Adding discovered server ac-5bfewms-shard-00-00.blxcxzn.mongodb.net:27017 to client view of cluster
[cluster-ClusterId{value='634683a9f3bc457a00eb436b', description='null'}-ac-5bfewms-shard-00-00.blxcxzn.mongodb.net:27017] INFO org.mongodb.driver.connection - Opened connection [connectionId{localValue:12, serverValue:178593}] to ac-5bfewms-shard-00-00.blxcxzn.mongodb.net:27017
[cluster-ClusterId{value='634683a9f3bc457a00eb436b', description='null'}-ac-5bfewms-shard-00-00.blxcxzn.mongodb.net:27017] INFO org.mongodb.driver.cluster - Monitor thread successfully connected to server with description ServerDescription{address=ac-5bfewms-shard-00-00.blxcxzn.mongodb.net:27017, type=REPLICA_SET_SECONDARY, state=CONNECTED, ok=true, minWireVersion=0, maxWireVersion=13, maxDocumentSize=16777216, logicalSessionTimeoutMinutes=30, roundTripTimeNanos=38137045, setName='atlas-6hdzur-shard-0', canonicalAddress=ac-5bfewms-shard-00-00.blxcxzn.mongodb.net:27017, hosts=[ac-5bfewms-shard-00-00.blxcxzn.mongodb.net:27017, ac-5bfewms-shard-00-01.blxcxzn.mongodb.net:27017, ac-5bfewms-shard-00-02.blxcxzn.mongodb.net:27017], passives=[], arbiters=[], primary='ac-5bfewms-shard-00-02.blxcxzn.mongodb.net:27017', tagSet=TagSet{[Tag{name='nodeType', value='ELECTABLE'}, Tag{name='provider', value='AWS'}, Tag{name='region', value='EU_WEST_1'}, Tag{name='workloadType', value='OPERATIONAL'}]}, electionId=null, setVersion=7, topologyVersion=TopologyVersion{processId=633c34c08aae8d2d02d0a4c3, counter=4}, lastWriteDate=Wed Oct 12 10:06:49 IST 2022, lastUpdateTimeNanos=112893777665785}
[cluster-ClusterId{value='634683a9f3bc457a00eb436b', description='null'}-ac-5bfewms-shard-00-02.blxcxzn.mongodb.net:27017] INFO org.mongodb.driver.connection - Opened connection [connectionId{localValue:8, serverValue:179490}] to ac-5bfewms-shard-00-02.blxcxzn.mongodb.net:27017
[cluster-ClusterId{value='634683a9f3bc457a00eb436b', description='null'}-ac-5bfewms-shard-00-02.blxcxzn.mongodb.net:27017] INFO org.mongodb.driver.cluster - Monitor thread successfully connected to server with description ServerDescription{address=ac-5bfewms-shard-00-02.blxcxzn.mongodb.net:27017, type=REPLICA_SET_PRIMARY, state=CONNECTED, ok=true, minWireVersion=0, maxWireVersion=13, maxDocumentSize=16777216, logicalSessionTimeoutMinutes=30, roundTripTimeNanos=45298095, setName='atlas-6hdzur-shard-0', canonicalAddress=ac-5bfewms-shard-00-02.blxcxzn.mongodb.net:27017, hosts=[ac-5bfewms-shard-00-00.blxcxzn.mongodb.net:27017, ac-5bfewms-shard-00-01.blxcxzn.mongodb.net:27017, ac-5bfewms-shard-00-02.blxcxzn.mongodb.net:27017], passives=[], arbiters=[], primary='ac-5bfewms-shard-00-02.blxcxzn.mongodb.net:27017', tagSet=TagSet{[Tag{name='nodeType', value='ELECTABLE'}, Tag{name='provider', value='AWS'}, Tag{name='region', value='EU_WEST_1'}, Tag{name='workloadType', value='OPERATIONAL'}]}, electionId=7fffffff0000000000000056, setVersion=7, topologyVersion=TopologyVersion{processId=633c35123507a642fa1fa1a2, counter=6}, lastWriteDate=Wed Oct 12 10:06:49 IST 2022, lastUpdateTimeNanos=112893784811062}
[cluster-ClusterId{value='634683a9f3bc457a00eb436b', description='null'}-ac-5bfewms-shard-00-02.blxcxzn.mongodb.net:27017] INFO org.mongodb.driver.cluster - Setting max election id to 7fffffff0000000000000056 from replica set primary ac-5bfewms-shard-00-02.blxcxzn.mongodb.net:27017
[cluster-ClusterId{value='634683a9f3bc457a00eb436b', description='null'}-ac-5bfewms-shard-00-02.blxcxzn.mongodb.net:27017] INFO org.mongodb.driver.cluster - Setting max set version to 7 from replica set primary ac-5bfewms-shard-00-02.blxcxzn.mongodb.net:27017
[cluster-ClusterId{value='634683a9f3bc457a00eb436b', description='null'}-ac-5bfewms-shard-00-02.blxcxzn.mongodb.net:27017] INFO org.mongodb.driver.cluster - Discovered replica set primary ac-5bfewms-shard-00-02.blxcxzn.mongodb.net:27017
[cluster-rtt-ClusterId{value='634683a9f3bc457a00eb436b', description='null'}-ac-5bfewms-shard-00-01.blxcxzn.mongodb.net:27017] INFO org.mongodb.driver.connection - Opened connection [connectionId{localValue:11, serverValue:178449}] to ac-5bfewms-shard-00-01.blxcxzn.mongodb.net:27017
[cluster-ClusterId{value='634683a9f3bc457a00eb436b', description='null'}-ac-5bfewms-shard-00-01.blxcxzn.mongodb.net:27017] INFO org.mongodb.driver.connection - Opened connection [connectionId{localValue:10, serverValue:178449}] to ac-5bfewms-shard-00-01.blxcxzn.mongodb.net:27017
[cluster-ClusterId{value='634683a9f3bc457a00eb436b', description='null'}-ac-5bfewms-shard-00-01.blxcxzn.mongodb.net:27017] INFO org.mongodb.driver.cluster - Monitor thread successfully connected to server with description ServerDescription{address=ac-5bfewms-shard-00-01.blxcxzn.mongodb.net:27017, type=REPLICA_SET_SECONDARY, state=CONNECTED, ok=true, minWireVersion=0, maxWireVersion=13, maxDocumentSize=16777216, logicalSessionTimeoutMinutes=30, roundTripTimeNanos=56350899, setName='atlas-6hdzur-shard-0', canonicalAddress=ac-5bfewms-shard-00-01.blxcxzn.mongodb.net:27017, hosts=[ac-5bfewms-shard-00-00.blxcxzn.mongodb.net:27017, ac-5bfewms-shard-00-01.blxcxzn.mongodb.net:27017, ac-5bfewms-shard-00-02.blxcxzn.mongodb.net:27017], passives=[], arbiters=[], primary='ac-5bfewms-shard-00-02.blxcxzn.mongodb.net:27017', tagSet=TagSet{[Tag{name='nodeType', value='ELECTABLE'}, Tag{name='provider', value='AWS'}, Tag{name='region', value='EU_WEST_1'}, Tag{name='workloadType', value='OPERATIONAL'}]}, electionId=null, setVersion=7, topologyVersion=TopologyVersion{processId=633c3565365488d3ed6b008e, counter=3}, lastWriteDate=Wed Oct 12 10:06:49 IST 2022, lastUpdateTimeNanos=112893795865524}
[cluster-rtt-ClusterId{value='634683a9f3bc457a00eb436b', description='null'}-ac-5bfewms-shard-00-00.blxcxzn.mongodb.net:27017] INFO org.mongodb.driver.connection - Opened connection [connectionId{localValue:13, serverValue:178597}] to ac-5bfewms-shard-00-00.blxcxzn.mongodb.net:27017
[cluster-rtt-ClusterId{value='634683a9f3bc457a00eb436b', description='null'}-ac-5bfewms-shard-00-02.blxcxzn.mongodb.net:27017] INFO org.mongodb.driver.connection - Opened connection [connectionId{localValue:9, serverValue:179520}] to ac-5bfewms-shard-00-02.blxcxzn.mongodb.net:27017
[Test worker] INFO org.mongodb.driver.connection - Opened connection [connectionId{localValue:14, serverValue:179221}] to ac-5bfewms-shard-00-02.blxcxzn.mongodb.net:27017
[Test worker] INFO org.mongodb.driver.client - MongoClient with metadata {"driver": {"name": "mongo-java-driver|sync|kmongo", "version": "4.7.1"}, "os": {"type": "Linux", "name": "Linux", "architecture": "amd64", "version": "5.19.13-200.fc36.x86_64"}, "platform": "Java/Red Hat, Inc./17.0.4.1+1|Kotlin/1.7.10"} created with settings MongoClientSettings{readPreference=primary, writeConcern=WriteConcern{w=null, wTimeout=null ms, journal=null}, retryWrites=true, retryReads=true, readConcern=ReadConcern{level=null}, credential=MongoCredential{mechanism=null, userName='bryan', source='admin', password=<hidden>, mechanismProperties=<hidden>}, streamFactoryFactory=null, commandListeners=[], codecRegistry=ProvidersCodecRegistry{codecProviders=[OverridableUuidRepresentationCodecRegistry{wrapped=ProvidersCodecRegistry{codecProviders=[ValueCodecProvider{}, BsonValueCodecProvider{}, DBRefCodecProvider{}, DBObjectCodecProvider{}, DocumentCodecProvider{}, IterableCodecProvider{}, MapCodecProvider{}, GeoJsonCodecProvider{}, GridFSFileCodecProvider{}, Jsr310CodecProvider{}, JsonObjectCodecProvider{}, BsonCodecProvider{}]}, uuidRepresentation=UNSPECIFIED}, org.litote.kmongo.service.CustomCodecProvider@4b54af3d, ProvidersCodecRegistry{codecProviders=[org.litote.kmongo.jackson.JacksonCodecProvider@7bb35cc6]}]}, clusterSettings={hosts=[127.0.0.1:27017], srvHost=coachr-client-db.blxcxzn.mongodb.net, srvServiceName=mongodb, mode=MULTIPLE, requiredClusterType=REPLICA_SET, requiredReplicaSetName='atlas-6hdzur-shard-0', serverSelector='null', clusterListeners='[]', serverSelectionTimeout='30000 ms', localThreshold='30000 ms'}, socketSettings=SocketSettings{connectTimeoutMS=10000, readTimeoutMS=0, receiveBufferSize=0, sendBufferSize=0}, heartbeatSocketSettings=SocketSettings{connectTimeoutMS=10000, readTimeoutMS=10000, receiveBufferSize=0, sendBufferSize=0}, connectionPoolSettings=ConnectionPoolSettings{maxSize=100, minSize=0, maxWaitTimeMS=120000, maxConnectionLifeTimeMS=0, maxConnectionIdleTimeMS=0, maintenanceInitialDelayMS=0, maintenanceFrequencyMS=60000, connectionPoolListeners=[], maxConnecting=2}, serverSettings=ServerSettings{heartbeatFrequencyMS=10000, minHeartbeatFrequencyMS=500, serverListeners='[]', serverMonitorListeners='[]'}, sslSettings=SslSettings{enabled=true, invalidHostNameAllowed=false, context=null}, applicationName='null', compressorList=[], uuidRepresentation=UNSPECIFIED, serverApi=null, autoEncryptionSettings=null, contextProvider=null}
[cluster-ClusterId{value='634683abf3bc457a00eb436c', description='null'}-srv-coachr-client-db.blxcxzn.mongodb.net] INFO org.mongodb.driver.cluster - Adding discovered server ac-5bfewms-shard-00-02.blxcxzn.mongodb.net:27017 to client view of cluster
[cluster-ClusterId{value='634683abf3bc457a00eb436c', description='null'}-srv-coachr-client-db.blxcxzn.mongodb.net] INFO org.mongodb.driver.cluster - Adding discovered server ac-5bfewms-shard-00-01.blxcxzn.mongodb.net:27017 to client view of cluster
[cluster-ClusterId{value='634683abf3bc457a00eb436c', description='null'}-srv-coachr-client-db.blxcxzn.mongodb.net] INFO org.mongodb.driver.cluster - Adding discovered server ac-5bfewms-shard-00-00.blxcxzn.mongodb.net:27017 to client view of cluster
[cluster-ClusterId{value='634683abf3bc457a00eb436c', description='null'}-ac-5bfewms-shard-00-01.blxcxzn.mongodb.net:27017] INFO org.mongodb.driver.connection - Opened connection [connectionId{localValue:17, serverValue:178451}] to ac-5bfewms-shard-00-01.blxcxzn.mongodb.net:27017
[cluster-rtt-ClusterId{value='634683abf3bc457a00eb436c', description='null'}-ac-5bfewms-shard-00-01.blxcxzn.mongodb.net:27017] INFO org.mongodb.driver.connection - Opened connection [connectionId{localValue:18, serverValue:178450}] to ac-5bfewms-shard-00-01.blxcxzn.mongodb.net:27017
[cluster-ClusterId{value='634683abf3bc457a00eb436c', description='null'}-ac-5bfewms-shard-00-01.blxcxzn.mongodb.net:27017] INFO org.mongodb.driver.cluster - Monitor thread successfully connected to server with description ServerDescription{address=ac-5bfewms-shard-00-01.blxcxzn.mongodb.net:27017, type=REPLICA_SET_SECONDARY, state=CONNECTED, ok=true, minWireVersion=0, maxWireVersion=13, maxDocumentSize=16777216, logicalSessionTimeoutMinutes=30, roundTripTimeNanos=38452835, setName='atlas-6hdzur-shard-0', canonicalAddress=ac-5bfewms-shard-00-01.blxcxzn.mongodb.net:27017, hosts=[ac-5bfewms-shard-00-00.blxcxzn.mongodb.net:27017, ac-5bfewms-shard-00-01.blxcxzn.mongodb.net:27017, ac-5bfewms-shard-00-02.blxcxzn.mongodb.net:27017], passives=[], arbiters=[], primary='ac-5bfewms-shard-00-02.blxcxzn.mongodb.net:27017', tagSet=TagSet{[Tag{name='nodeType', value='ELECTABLE'}, Tag{name='provider', value='AWS'}, Tag{name='region', value='EU_WEST_1'}, Tag{name='workloadType', value='OPERATIONAL'}]}, electionId=null, setVersion=7, topologyVersion=TopologyVersion{processId=633c3565365488d3ed6b008e, counter=3}, lastWriteDate=Wed Oct 12 10:06:51 IST 2022, lastUpdateTimeNanos=112895794036561}
[cluster-ClusterId{value='634683abf3bc457a00eb436c', description='null'}-ac-5bfewms-shard-00-00.blxcxzn.mongodb.net:27017] INFO org.mongodb.driver.connection - Opened connection [connectionId{localValue:19, serverValue:178598}] to ac-5bfewms-shard-00-00.blxcxzn.mongodb.net:27017
[cluster-rtt-ClusterId{value='634683abf3bc457a00eb436c', description='null'}-ac-5bfewms-shard-00-00.blxcxzn.mongodb.net:27017] INFO org.mongodb.driver.connection - Opened connection [connectionId{localValue:20, serverValue:178597}] to ac-5bfewms-shard-00-00.blxcxzn.mongodb.net:27017
[cluster-ClusterId{value='634683abf3bc457a00eb436c', description='null'}-ac-5bfewms-shard-00-00.blxcxzn.mongodb.net:27017] INFO org.mongodb.driver.cluster - Monitor thread successfully connected to server with description ServerDescription{address=ac-5bfewms-shard-00-00.blxcxzn.mongodb.net:27017, type=REPLICA_SET_SECONDARY, state=CONNECTED, ok=true, minWireVersion=0, maxWireVersion=13, maxDocumentSize=16777216, logicalSessionTimeoutMinutes=30, roundTripTimeNanos=34890017, setName='atlas-6hdzur-shard-0', canonicalAddress=ac-5bfewms-shard-00-00.blxcxzn.mongodb.net:27017, hosts=[ac-5bfewms-shard-00-00.blxcxzn.mongodb.net:27017, ac-5bfewms-shard-00-01.blxcxzn.mongodb.net:27017, ac-5bfewms-shard-00-02.blxcxzn.mongodb.net:27017], passives=[], arbiters=[], primary='ac-5bfewms-shard-00-02.blxcxzn.mongodb.net:27017', tagSet=TagSet{[Tag{name='nodeType', value='ELECTABLE'}, Tag{name='provider', value='AWS'}, Tag{name='region', value='EU_WEST_1'}, Tag{name='workloadType', value='OPERATIONAL'}]}, electionId=null, setVersion=7, topologyVersion=TopologyVersion{processId=633c34c08aae8d2d02d0a4c3, counter=4}, lastWriteDate=Wed Oct 12 10:06:51 IST 2022, lastUpdateTimeNanos=112895796317005}
[cluster-ClusterId{value='634683abf3bc457a00eb436c', description='null'}-ac-5bfewms-shard-00-02.blxcxzn.mongodb.net:27017] INFO org.mongodb.driver.connection - Opened connection [connectionId{localValue:15, serverValue:179447}] to ac-5bfewms-shard-00-02.blxcxzn.mongodb.net:27017
[cluster-ClusterId{value='634683abf3bc457a00eb436c', description='null'}-ac-5bfewms-shard-00-02.blxcxzn.mongodb.net:27017] INFO org.mongodb.driver.cluster - Monitor thread successfully connected to server with description ServerDescription{address=ac-5bfewms-shard-00-02.blxcxzn.mongodb.net:27017, type=REPLICA_SET_PRIMARY, state=CONNECTED, ok=true, minWireVersion=0, maxWireVersion=13, maxDocumentSize=16777216, logicalSessionTimeoutMinutes=30, roundTripTimeNanos=41097420, setName='atlas-6hdzur-shard-0', canonicalAddress=ac-5bfewms-shard-00-02.blxcxzn.mongodb.net:27017, hosts=[ac-5bfewms-shard-00-00.blxcxzn.mongodb.net:27017, ac-5bfewms-shard-00-01.blxcxzn.mongodb.net:27017, ac-5bfewms-shard-00-02.blxcxzn.mongodb.net:27017], passives=[], arbiters=[], primary='ac-5bfewms-shard-00-02.blxcxzn.mongodb.net:27017', tagSet=TagSet{[Tag{name='nodeType', value='ELECTABLE'}, Tag{name='provider', value='AWS'}, Tag{name='region', value='EU_WEST_1'}, Tag{name='workloadType', value='OPERATIONAL'}]}, electionId=7fffffff0000000000000056, setVersion=7, topologyVersion=TopologyVersion{processId=633c35123507a642fa1fa1a2, counter=6}, lastWriteDate=Wed Oct 12 10:06:51 IST 2022, lastUpdateTimeNanos=112895796668080}
[cluster-ClusterId{value='634683abf3bc457a00eb436c', description='null'}-ac-5bfewms-shard-00-02.blxcxzn.mongodb.net:27017] INFO org.mongodb.driver.cluster - Setting max election id to 7fffffff0000000000000056 from replica set primary ac-5bfewms-shard-00-02.blxcxzn.mongodb.net:27017
[cluster-ClusterId{value='634683abf3bc457a00eb436c', description='null'}-ac-5bfewms-shard-00-02.blxcxzn.mongodb.net:27017] INFO org.mongodb.driver.cluster - Setting max set version to 7 from replica set primary ac-5bfewms-shard-00-02.blxcxzn.mongodb.net:27017
[cluster-ClusterId{value='634683abf3bc457a00eb436c', description='null'}-ac-5bfewms-shard-00-02.blxcxzn.mongodb.net:27017] INFO org.mongodb.driver.cluster - Discovered replica set primary ac-5bfewms-shard-00-02.blxcxzn.mongodb.net:27017
[cluster-rtt-ClusterId{value='634683abf3bc457a00eb436c', description='null'}-ac-5bfewms-shard-00-02.blxcxzn.mongodb.net:27017] INFO org.mongodb.driver.connection - Opened connection [connectionId{localValue:16, serverValue:179412}] to ac-5bfewms-shard-00-02.blxcxzn.mongodb.net:27017
[Test worker] INFO org.mongodb.driver.connection - Opened connection [connectionId{localValue:21, serverValue:179480}] to ac-5bfewms-shard-00-02.blxcxzn.mongodb.net:27017
[Test worker] INFO org.mongodb.driver.client - MongoClient with metadata {"driver": {"name": "mongo-java-driver|sync|kmongo", "version": "4.7.1"}, "os": {"type": "Linux", "name": "Linux", "architecture": "amd64", "version": "5.19.13-200.fc36.x86_64"}, "platform": "Java/Red Hat, Inc./17.0.4.1+1|Kotlin/1.7.10"} created with settings MongoClientSettings{readPreference=primary, writeConcern=WriteConcern{w=null, wTimeout=null ms, journal=null}, retryWrites=true, retryReads=true, readConcern=ReadConcern{level=null}, credential=MongoCredential{mechanism=null, userName='bryan', source='admin', password=<hidden>, mechanismProperties=<hidden>}, streamFactoryFactory=null, commandListeners=[], codecRegistry=ProvidersCodecRegistry{codecProviders=[OverridableUuidRepresentationCodecRegistry{wrapped=ProvidersCodecRegistry{codecProviders=[ValueCodecProvider{}, BsonValueCodecProvider{}, DBRefCodecProvider{}, DBObjectCodecProvider{}, DocumentCodecProvider{}, IterableCodecProvider{}, MapCodecProvider{}, GeoJsonCodecProvider{}, GridFSFileCodecProvider{}, Jsr310CodecProvider{}, JsonObjectCodecProvider{}, BsonCodecProvider{}]}, uuidRepresentation=UNSPECIFIED}, org.litote.kmongo.service.CustomCodecProvider@4b54af3d, ProvidersCodecRegistry{codecProviders=[org.litote.kmongo.jackson.JacksonCodecProvider@7bb35cc6]}]}, clusterSettings={hosts=[127.0.0.1:27017], srvHost=coachr-client-db.blxcxzn.mongodb.net, srvServiceName=mongodb, mode=MULTIPLE, requiredClusterType=REPLICA_SET, requiredReplicaSetName='atlas-6hdzur-shard-0', serverSelector='null', clusterListeners='[]', serverSelectionTimeout='30000 ms', localThreshold='30000 ms'}, socketSettings=SocketSettings{connectTimeoutMS=10000, readTimeoutMS=0, receiveBufferSize=0, sendBufferSize=0}, heartbeatSocketSettings=SocketSettings{connectTimeoutMS=10000, readTimeoutMS=10000, receiveBufferSize=0, sendBufferSize=0}, connectionPoolSettings=ConnectionPoolSettings{maxSize=100, minSize=0, maxWaitTimeMS=120000, maxConnectionLifeTimeMS=0, maxConnectionIdleTimeMS=0, maintenanceInitialDelayMS=0, maintenanceFrequencyMS=60000, connectionPoolListeners=[], maxConnecting=2}, serverSettings=ServerSettings{heartbeatFrequencyMS=10000, minHeartbeatFrequencyMS=500, serverListeners='[]', serverMonitorListeners='[]'}, sslSettings=SslSettings{enabled=true, invalidHostNameAllowed=false, context=null}, applicationName='null', compressorList=[], uuidRepresentation=UNSPECIFIED, serverApi=null, autoEncryptionSettings=null, contextProvider=null}
[cluster-ClusterId{value='634683adf3bc457a00eb436d', description='null'}-srv-coachr-client-db.blxcxzn.mongodb.net] INFO org.mongodb.driver.cluster - Adding discovered server ac-5bfewms-shard-00-02.blxcxzn.mongodb.net:27017 to client view of cluster
[cluster-ClusterId{value='634683adf3bc457a00eb436d', description='null'}-srv-coachr-client-db.blxcxzn.mongodb.net] INFO org.mongodb.driver.cluster - Adding discovered server ac-5bfewms-shard-00-01.blxcxzn.mongodb.net:27017 to client view of cluster
[cluster-ClusterId{value='634683adf3bc457a00eb436d', description='null'}-srv-coachr-client-db.blxcxzn.mongodb.net] INFO org.mongodb.driver.cluster - Adding discovered server ac-5bfewms-shard-00-00.blxcxzn.mongodb.net:27017 to client view of cluster
[cluster-ClusterId{value='634683adf3bc457a00eb436d', description='null'}-ac-5bfewms-shard-00-02.blxcxzn.mongodb.net:27017] INFO org.mongodb.driver.connection - Opened connection [connectionId{localValue:22, serverValue:179495}] to ac-5bfewms-shard-00-02.blxcxzn.mongodb.net:27017
[cluster-ClusterId{value='634683adf3bc457a00eb436d', description='null'}-ac-5bfewms-shard-00-02.blxcxzn.mongodb.net:27017] INFO org.mongodb.driver.cluster - Monitor thread successfully connected to server with description ServerDescription{address=ac-5bfewms-shard-00-02.blxcxzn.mongodb.net:27017, type=REPLICA_SET_PRIMARY, state=CONNECTED, ok=true, minWireVersion=0, maxWireVersion=13, maxDocumentSize=16777216, logicalSessionTimeoutMinutes=30, roundTripTimeNanos=39810869, setName='atlas-6hdzur-shard-0', canonicalAddress=ac-5bfewms-shard-00-02.blxcxzn.mongodb.net:27017, hosts=[ac-5bfewms-shard-00-00.blxcxzn.mongodb.net:27017, ac-5bfewms-shard-00-01.blxcxzn.mongodb.net:27017, ac-5bfewms-shard-00-02.blxcxzn.mongodb.net:27017], passives=[], arbiters=[], primary='ac-5bfewms-shard-00-02.blxcxzn.mongodb.net:27017', tagSet=TagSet{[Tag{name='nodeType', value='ELECTABLE'}, Tag{name='provider', value='AWS'}, Tag{name='region', value='EU_WEST_1'}, Tag{name='workloadType', value='OPERATIONAL'}]}, electionId=7fffffff0000000000000056, setVersion=7, topologyVersion=TopologyVersion{processId=633c35123507a642fa1fa1a2, counter=6}, lastWriteDate=Wed Oct 12 10:06:53 IST 2022, lastUpdateTimeNanos=112898079332276}
[cluster-ClusterId{value='634683adf3bc457a00eb436d', description='null'}-ac-5bfewms-shard-00-02.blxcxzn.mongodb.net:27017] INFO org.mongodb.driver.cluster - Setting max election id to 7fffffff0000000000000056 from replica set primary ac-5bfewms-shard-00-02.blxcxzn.mongodb.net:27017
[cluster-ClusterId{value='634683adf3bc457a00eb436d', description='null'}-ac-5bfewms-shard-00-02.blxcxzn.mongodb.net:27017] INFO org.mongodb.driver.cluster - Setting max set version to 7 from replica set primary ac-5bfewms-shard-00-02.blxcxzn.mongodb.net:27017
[cluster-ClusterId{value='634683adf3bc457a00eb436d', description='null'}-ac-5bfewms-shard-00-02.blxcxzn.mongodb.net:27017] INFO org.mongodb.driver.cluster - Discovered replica set primary ac-5bfewms-shard-00-02.blxcxzn.mongodb.net:27017
[cluster-ClusterId{value='634683adf3bc457a00eb436d', description='null'}-ac-5bfewms-shard-00-00.blxcxzn.mongodb.net:27017] INFO org.mongodb.driver.connection - Opened connection [connectionId{localValue:26, serverValue:178599}] to ac-5bfewms-shard-00-00.blxcxzn.mongodb.net:27017
[cluster-ClusterId{value='634683adf3bc457a00eb436d', description='null'}-ac-5bfewms-shard-00-01.blxcxzn.mongodb.net:27017] INFO org.mongodb.driver.connection - Opened connection [connectionId{localValue:24, serverValue:178450}] to ac-5bfewms-shard-00-01.blxcxzn.mongodb.net:27017
[cluster-ClusterId{value='634683adf3bc457a00eb436d', description='null'}-ac-5bfewms-shard-00-00.blxcxzn.mongodb.net:27017] INFO org.mongodb.driver.cluster - Monitor thread successfully connected to server with description ServerDescription{address=ac-5bfewms-shard-00-00.blxcxzn.mongodb.net:27017, type=REPLICA_SET_SECONDARY, state=CONNECTED, ok=true, minWireVersion=0, maxWireVersion=13, maxDocumentSize=16777216, logicalSessionTimeoutMinutes=30, roundTripTimeNanos=57895245, setName='atlas-6hdzur-shard-0', canonicalAddress=ac-5bfewms-shard-00-00.blxcxzn.mongodb.net:27017, hosts=[ac-5bfewms-shard-00-00.blxcxzn.mongodb.net:27017, ac-5bfewms-shard-00-01.blxcxzn.mongodb.net:27017, ac-5bfewms-shard-00-02.blxcxzn.mongodb.net:27017], passives=[], arbiters=[], primary='ac-5bfewms-shard-00-02.blxcxzn.mongodb.net:27017', tagSet=TagSet{[Tag{name='nodeType', value='ELECTABLE'}, Tag{name='provider', value='AWS'}, Tag{name='region', value='EU_WEST_1'}, Tag{name='workloadType', value='OPERATIONAL'}]}, electionId=null, setVersion=7, topologyVersion=TopologyVersion{processId=633c34c08aae8d2d02d0a4c3, counter=4}, lastWriteDate=Wed Oct 12 10:06:53 IST 2022, lastUpdateTimeNanos=112898097416339}
[cluster-ClusterId{value='634683adf3bc457a00eb436d', description='null'}-ac-5bfewms-shard-00-01.blxcxzn.mongodb.net:27017] INFO org.mongodb.driver.cluster - Monitor thread successfully connected to server with description ServerDescription{address=ac-5bfewms-shard-00-01.blxcxzn.mongodb.net:27017, type=REPLICA_SET_SECONDARY, state=CONNECTED, ok=true, minWireVersion=0, maxWireVersion=13, maxDocumentSize=16777216, logicalSessionTimeoutMinutes=30, roundTripTimeNanos=58010170, setName='atlas-6hdzur-shard-0', canonicalAddress=ac-5bfewms-shard-00-01.blxcxzn.mongodb.net:27017, hosts=[ac-5bfewms-shard-00-00.blxcxzn.mongodb.net:27017, ac-5bfewms-shard-00-01.blxcxzn.mongodb.net:27017, ac-5bfewms-shard-00-02.blxcxzn.mongodb.net:27017], passives=[], arbiters=[], primary='ac-5bfewms-shard-00-02.blxcxzn.mongodb.net:27017', tagSet=TagSet{[Tag{name='nodeType', value='ELECTABLE'}, Tag{name='provider', value='AWS'}, Tag{name='region', value='EU_WEST_1'}, Tag{name='workloadType', value='OPERATIONAL'}]}, electionId=null, setVersion=7, topologyVersion=TopologyVersion{processId=633c3565365488d3ed6b008e, counter=3}, lastWriteDate=Wed Oct 12 10:06:53 IST 2022, lastUpdateTimeNanos=112898097515819}
[cluster-rtt-ClusterId{value='634683adf3bc457a00eb436d', description='null'}-ac-5bfewms-shard-00-02.blxcxzn.mongodb.net:27017] INFO org.mongodb.driver.connection - Opened connection [connectionId{localValue:23, serverValue:179448}] to ac-5bfewms-shard-00-02.blxcxzn.mongodb.net:27017
[cluster-rtt-ClusterId{value='634683adf3bc457a00eb436d', description='null'}-ac-5bfewms-shard-00-00.blxcxzn.mongodb.net:27017] INFO org.mongodb.driver.connection - Opened connection [connectionId{localValue:27, serverValue:178599}] to ac-5bfewms-shard-00-00.blxcxzn.mongodb.net:27017
[cluster-rtt-ClusterId{value='634683adf3bc457a00eb436d', description='null'}-ac-5bfewms-shard-00-01.blxcxzn.mongodb.net:27017] INFO org.mongodb.driver.connection - Opened connection [connectionId{localValue:25, serverValue:178452}] to ac-5bfewms-shard-00-01.blxcxzn.mongodb.net:27017
[Test worker] INFO org.mongodb.driver.connection - Opened connection [connectionId{localValue:28, serverValue:179415}] to ac-5bfewms-shard-00-02.blxcxzn.mongodb.net:27017
[Test worker] INFO org.mongodb.driver.client - MongoClient with metadata {"driver": {"name": "mongo-java-driver|sync|kmongo", "version": "4.7.1"}, "os": {"type": "Linux", "name": "Linux", "architecture": "amd64", "version": "5.19.13-200.fc36.x86_64"}, "platform": "Java/Red Hat, Inc./17.0.4.1+1|Kotlin/1.7.10"} created with settings MongoClientSettings{readPreference=primary, writeConcern=WriteConcern{w=null, wTimeout=null ms, journal=null}, retryWrites=true, retryReads=true, readConcern=ReadConcern{level=null}, credential=MongoCredential{mechanism=null, userName='bryan', source='admin', password=<hidden>, mechanismProperties=<hidden>}, streamFactoryFactory=null, commandListeners=[], codecRegistry=ProvidersCodecRegistry{codecProviders=[OverridableUuidRepresentationCodecRegistry{wrapped=ProvidersCodecRegistry{codecProviders=[ValueCodecProvider{}, BsonValueCodecProvider{}, DBRefCodecProvider{}, DBObjectCodecProvider{}, DocumentCodecProvider{}, IterableCodecProvider{}, MapCodecProvider{}, GeoJsonCodecProvider{}, GridFSFileCodecProvider{}, Jsr310CodecProvider{}, JsonObjectCodecProvider{}, BsonCodecProvider{}]}, uuidRepresentation=UNSPECIFIED}, org.litote.kmongo.service.CustomCodecProvider@4b54af3d, ProvidersCodecRegistry{codecProviders=[org.litote.kmongo.jackson.JacksonCodecProvider@7bb35cc6]}]}, clusterSettings={hosts=[127.0.0.1:27017], srvHost=coachr-client-db.blxcxzn.mongodb.net, srvServiceName=mongodb, mode=MULTIPLE, requiredClusterType=REPLICA_SET, requiredReplicaSetName='atlas-6hdzur-shard-0', serverSelector='null', clusterListeners='[]', serverSelectionTimeout='30000 ms', localThreshold='30000 ms'}, socketSettings=SocketSettings{connectTimeoutMS=10000, readTimeoutMS=0, receiveBufferSize=0, sendBufferSize=0}, heartbeatSocketSettings=SocketSettings{connectTimeoutMS=10000, readTimeoutMS=10000, receiveBufferSize=0, sendBufferSize=0}, connectionPoolSettings=ConnectionPoolSettings{maxSize=100, minSize=0, maxWaitTimeMS=120000, maxConnectionLifeTimeMS=0, maxConnectionIdleTimeMS=0, maintenanceInitialDelayMS=0, maintenanceFrequencyMS=60000, connectionPoolListeners=[], maxConnecting=2}, serverSettings=ServerSettings{heartbeatFrequencyMS=10000, minHeartbeatFrequencyMS=500, serverListeners='[]', serverMonitorListeners='[]'}, sslSettings=SslSettings{enabled=true, invalidHostNameAllowed=false, context=null}, applicationName='null', compressorList=[], uuidRepresentation=UNSPECIFIED, serverApi=null, autoEncryptionSettings=null, contextProvider=null}
[cluster-ClusterId{value='634683aff3bc457a00eb436e', description='null'}-srv-coachr-client-db.blxcxzn.mongodb.net] INFO org.mongodb.driver.cluster - Adding discovered server ac-5bfewms-shard-00-02.blxcxzn.mongodb.net:27017 to client view of cluster
[cluster-ClusterId{value='634683aff3bc457a00eb436e', description='null'}-srv-coachr-client-db.blxcxzn.mongodb.net] INFO org.mongodb.driver.cluster - Adding discovered server ac-5bfewms-shard-00-01.blxcxzn.mongodb.net:27017 to client view of cluster
[cluster-ClusterId{value='634683aff3bc457a00eb436e', description='null'}-srv-coachr-client-db.blxcxzn.mongodb.net] INFO org.mongodb.driver.cluster - Adding discovered server ac-5bfewms-shard-00-00.blxcxzn.mongodb.net:27017 to client view of cluster
[cluster-rtt-ClusterId{value='634683aff3bc457a00eb436e', description='null'}-ac-5bfewms-shard-00-02.blxcxzn.mongodb.net:27017] INFO org.mongodb.driver.connection - Opened connection [connectionId{localValue:30, serverValue:179443}] to ac-5bfewms-shard-00-02.blxcxzn.mongodb.net:27017
[cluster-ClusterId{value='634683aff3bc457a00eb436e', description='null'}-ac-5bfewms-shard-00-00.blxcxzn.mongodb.net:27017] INFO org.mongodb.driver.connection - Opened connection [connectionId{localValue:33, serverValue:178599}] to ac-5bfewms-shard-00-00.blxcxzn.mongodb.net:27017
[cluster-rtt-ClusterId{value='634683aff3bc457a00eb436e', description='null'}-ac-5bfewms-shard-00-01.blxcxzn.mongodb.net:27017] INFO org.mongodb.driver.connection - Opened connection [connectionId{localValue:32, serverValue:178452}] to ac-5bfewms-shard-00-01.blxcxzn.mongodb.net:27017
[cluster-ClusterId{value='634683aff3bc457a00eb436e', description='null'}-ac-5bfewms-shard-00-02.blxcxzn.mongodb.net:27017] INFO org.mongodb.driver.connection - Opened connection [connectionId{localValue:29, serverValue:179443}] to ac-5bfewms-shard-00-02.blxcxzn.mongodb.net:27017
[cluster-ClusterId{value='634683aff3bc457a00eb436e', description='null'}-ac-5bfewms-shard-00-00.blxcxzn.mongodb.net:27017] INFO org.mongodb.driver.cluster - Monitor thread successfully connected to server with description ServerDescription{address=ac-5bfewms-shard-00-00.blxcxzn.mongodb.net:27017, type=REPLICA_SET_SECONDARY, state=CONNECTED, ok=true, minWireVersion=0, maxWireVersion=13, maxDocumentSize=16777216, logicalSessionTimeoutMinutes=30, roundTripTimeNanos=112638952, setName='atlas-6hdzur-shard-0', canonicalAddress=ac-5bfewms-shard-00-00.blxcxzn.mongodb.net:27017, hosts=[ac-5bfewms-shard-00-00.blxcxzn.mongodb.net:27017, ac-5bfewms-shard-00-01.blxcxzn.mongodb.net:27017, ac-5bfewms-shard-00-02.blxcxzn.mongodb.net:27017], passives=[], arbiters=[], primary='ac-5bfewms-shard-00-02.blxcxzn.mongodb.net:27017', tagSet=TagSet{[Tag{name='nodeType', value='ELECTABLE'}, Tag{name='provider', value='AWS'}, Tag{name='region', value='EU_WEST_1'}, Tag{name='workloadType', value='OPERATIONAL'}]}, electionId=null, setVersion=7, topologyVersion=TopologyVersion{processId=633c34c08aae8d2d02d0a4c3, counter=4}, lastWriteDate=Wed Oct 12 10:06:56 IST 2022, lastUpdateTimeNanos=112900153308467}
[cluster-ClusterId{value='634683aff3bc457a00eb436e', description='null'}-ac-5bfewms-shard-00-02.blxcxzn.mongodb.net:27017] INFO org.mongodb.driver.cluster - Monitor thread successfully connected to server with description ServerDescription{address=ac-5bfewms-shard-00-02.blxcxzn.mongodb.net:27017, type=REPLICA_SET_PRIMARY, state=CONNECTED, ok=true, minWireVersion=0, maxWireVersion=13, maxDocumentSize=16777216, logicalSessionTimeoutMinutes=30, roundTripTimeNanos=112540946, setName='atlas-6hdzur-shard-0', canonicalAddress=ac-5bfewms-shard-00-02.blxcxzn.mongodb.net:27017, hosts=[ac-5bfewms-shard-00-00.blxcxzn.mongodb.net:27017, ac-5bfewms-shard-00-01.blxcxzn.mongodb.net:27017, ac-5bfewms-shard-00-02.blxcxzn.mongodb.net:27017], passives=[], arbiters=[], primary='ac-5bfewms-shard-00-02.blxcxzn.mongodb.net:27017', tagSet=TagSet{[Tag{name='nodeType', value='ELECTABLE'}, Tag{name='provider', value='AWS'}, Tag{name='region', value='EU_WEST_1'}, Tag{name='workloadType', value='OPERATIONAL'}]}, electionId=7fffffff0000000000000056, setVersion=7, topologyVersion=TopologyVersion{processId=633c35123507a642fa1fa1a2, counter=6}, lastWriteDate=Wed Oct 12 10:06:56 IST 2022, lastUpdateTimeNanos=112900153308555}
[cluster-ClusterId{value='634683aff3bc457a00eb436e', description='null'}-ac-5bfewms-shard-00-02.blxcxzn.mongodb.net:27017] INFO org.mongodb.driver.cluster - Setting max election id to 7fffffff0000000000000056 from replica set primary ac-5bfewms-shard-00-02.blxcxzn.mongodb.net:27017
[cluster-ClusterId{value='634683aff3bc457a00eb436e', description='null'}-ac-5bfewms-shard-00-02.blxcxzn.mongodb.net:27017] INFO org.mongodb.driver.cluster - Setting max set version to 7 from replica set primary ac-5bfewms-shard-00-02.blxcxzn.mongodb.net:27017
[cluster-ClusterId{value='634683aff3bc457a00eb436e', description='null'}-ac-5bfewms-shard-00-02.blxcxzn.mongodb.net:27017] INFO org.mongodb.driver.cluster - Discovered replica set primary ac-5bfewms-shard-00-02.blxcxzn.mongodb.net:27017
[cluster-ClusterId{value='634683aff3bc457a00eb436e', description='null'}-ac-5bfewms-shard-00-01.blxcxzn.mongodb.net:27017] INFO org.mongodb.driver.connection - Opened connection [connectionId{localValue:31, serverValue:178453}] to ac-5bfewms-shard-00-01.blxcxzn.mongodb.net:27017
[cluster-rtt-ClusterId{value='634683aff3bc457a00eb436e', description='null'}-ac-5bfewms-shard-00-00.blxcxzn.mongodb.net:27017] INFO org.mongodb.driver.connection - Opened connection [connectionId{localValue:34, serverValue:178601}] to ac-5bfewms-shard-00-00.blxcxzn.mongodb.net:27017
[cluster-ClusterId{value='634683aff3bc457a00eb436e', description='null'}-ac-5bfewms-shard-00-01.blxcxzn.mongodb.net:27017] INFO org.mongodb.driver.cluster - Monitor thread successfully connected to server with description ServerDescription{address=ac-5bfewms-shard-00-01.blxcxzn.mongodb.net:27017, type=REPLICA_SET_SECONDARY, state=CONNECTED, ok=true, minWireVersion=0, maxWireVersion=13, maxDocumentSize=16777216, logicalSessionTimeoutMinutes=30, roundTripTimeNanos=119436699, setName='atlas-6hdzur-shard-0', canonicalAddress=ac-5bfewms-shard-00-01.blxcxzn.mongodb.net:27017, hosts=[ac-5bfewms-shard-00-00.blxcxzn.mongodb.net:27017, ac-5bfewms-shard-00-01.blxcxzn.mongodb.net:27017, ac-5bfewms-shard-00-02.blxcxzn.mongodb.net:27017], passives=[], arbiters=[], primary='ac-5bfewms-shard-00-02.blxcxzn.mongodb.net:27017', tagSet=TagSet{[Tag{name='nodeType', value='ELECTABLE'}, Tag{name='provider', value='AWS'}, Tag{name='region', value='EU_WEST_1'}, Tag{name='workloadType', value='OPERATIONAL'}]}, electionId=null, setVersion=7, topologyVersion=TopologyVersion{processId=633c3565365488d3ed6b008e, counter=3}, lastWriteDate=Wed Oct 12 10:06:56 IST 2022, lastUpdateTimeNanos=112900158740957}
[Test worker] INFO org.mongodb.driver.connection - Opened connection [connectionId{localValue:35, serverValue:179413}] to ac-5bfewms-shard-00-02.blxcxzn.mongodb.net:27017
[Test worker] INFO org.mongodb.driver.client - MongoClient with metadata {"driver": {"name": "mongo-java-driver|sync|kmongo", "version": "4.7.1"}, "os": {"type": "Linux", "name": "Linux", "architecture": "amd64", "version": "5.19.13-200.fc36.x86_64"}, "platform": "Java/Red Hat, Inc./17.0.4.1+1|Kotlin/1.7.10"} created with settings MongoClientSettings{readPreference=primary, writeConcern=WriteConcern{w=null, wTimeout=null ms, journal=null}, retryWrites=true, retryReads=true, readConcern=ReadConcern{level=null}, credential=MongoCredential{mechanism=null, userName='bryan', source='admin', password=<hidden>, mechanismProperties=<hidden>}, streamFactoryFactory=null, commandListeners=[], codecRegistry=ProvidersCodecRegistry{codecProviders=[OverridableUuidRepresentationCodecRegistry{wrapped=ProvidersCodecRegistry{codecProviders=[ValueCodecProvider{}, BsonValueCodecProvider{}, DBRefCodecProvider{}, DBObjectCodecProvider{}, DocumentCodecProvider{}, IterableCodecProvider{}, MapCodecProvider{}, GeoJsonCodecProvider{}, GridFSFileCodecProvider{}, Jsr310CodecProvider{}, JsonObjectCodecProvider{}, BsonCodecProvider{}]}, uuidRepresentation=UNSPECIFIED}, org.litote.kmongo.service.CustomCodecProvider@4b54af3d, ProvidersCodecRegistry{codecProviders=[org.litote.kmongo.jackson.JacksonCodecProvider@7bb35cc6]}]}, clusterSettings={hosts=[127.0.0.1:27017], srvHost=coachr-client-db.blxcxzn.mongodb.net, srvServiceName=mongodb, mode=MULTIPLE, requiredClusterType=REPLICA_SET, requiredReplicaSetName='atlas-6hdzur-shard-0', serverSelector='null', clusterListeners='[]', serverSelectionTimeout='30000 ms', localThreshold='30000 ms'}, socketSettings=SocketSettings{connectTimeoutMS=10000, readTimeoutMS=0, receiveBufferSize=0, sendBufferSize=0}, heartbeatSocketSettings=SocketSettings{connectTimeoutMS=10000, readTimeoutMS=10000, receiveBufferSize=0, sendBufferSize=0}, connectionPoolSettings=ConnectionPoolSettings{maxSize=100, minSize=0, maxWaitTimeMS=120000, maxConnectionLifeTimeMS=0, maxConnectionIdleTimeMS=0, maintenanceInitialDelayMS=0, maintenanceFrequencyMS=60000, connectionPoolListeners=[], maxConnecting=2}, serverSettings=ServerSettings{heartbeatFrequencyMS=10000, minHeartbeatFrequencyMS=500, serverListeners='[]', serverMonitorListeners='[]'}, sslSettings=SslSettings{enabled=true, invalidHostNameAllowed=false, context=null}, applicationName='null', compressorList=[], uuidRepresentation=UNSPECIFIED, serverApi=null, autoEncryptionSettings=null, contextProvider=null}
[cluster-ClusterId{value='634683b1f3bc457a00eb436f', description='null'}-srv-coachr-client-db.blxcxzn.mongodb.net] INFO org.mongodb.driver.cluster - Adding discovered server ac-5bfewms-shard-00-02.blxcxzn.mongodb.net:27017 to client view of cluster
[cluster-ClusterId{value='634683b1f3bc457a00eb436f', description='null'}-srv-coachr-client-db.blxcxzn.mongodb.net] INFO org.mongodb.driver.cluster - Adding discovered server ac-5bfewms-shard-00-01.blxcxzn.mongodb.net:27017 to client view of cluster
[cluster-ClusterId{value='634683b1f3bc457a00eb436f', description='null'}-srv-coachr-client-db.blxcxzn.mongodb.net] INFO org.mongodb.driver.cluster - Adding discovered server ac-5bfewms-shard-00-00.blxcxzn.mongodb.net:27017 to client view of cluster
[cluster-rtt-ClusterId{value='634683b1f3bc457a00eb436f', description='null'}-ac-5bfewms-shard-00-01.blxcxzn.mongodb.net:27017] INFO org.mongodb.driver.connection - Opened connection [connectionId{localValue:39, serverValue:178452}] to ac-5bfewms-shard-00-01.blxcxzn.mongodb.net:27017
[cluster-rtt-ClusterId{value='634683b1f3bc457a00eb436f', description='null'}-ac-5bfewms-shard-00-02.blxcxzn.mongodb.net:27017] INFO org.mongodb.driver.connection - Opened connection [connectionId{localValue:37, serverValue:179428}] to ac-5bfewms-shard-00-02.blxcxzn.mongodb.net:27017
[cluster-ClusterId{value='634683b1f3bc457a00eb436f', description='null'}-ac-5bfewms-shard-00-01.blxcxzn.mongodb.net:27017] INFO org.mongodb.driver.connection - Opened connection [connectionId{localValue:38, serverValue:178452}] to ac-5bfewms-shard-00-01.blxcxzn.mongodb.net:27017
[cluster-ClusterId{value='634683b1f3bc457a00eb436f', description='null'}-ac-5bfewms-shard-00-01.blxcxzn.mongodb.net:27017] INFO org.mongodb.driver.cluster - Monitor thread successfully connected to server with description ServerDescription{address=ac-5bfewms-shard-00-01.blxcxzn.mongodb.net:27017, type=REPLICA_SET_SECONDARY, state=CONNECTED, ok=true, minWireVersion=0, maxWireVersion=13, maxDocumentSize=16777216, logicalSessionTimeoutMinutes=30, roundTripTimeNanos=34596161, setName='atlas-6hdzur-shard-0', canonicalAddress=ac-5bfewms-shard-00-01.blxcxzn.mongodb.net:27017, hosts=[ac-5bfewms-shard-00-00.blxcxzn.mongodb.net:27017, ac-5bfewms-shard-00-01.blxcxzn.mongodb.net:27017, ac-5bfewms-shard-00-02.blxcxzn.mongodb.net:27017], passives=[], arbiters=[], primary='ac-5bfewms-shard-00-02.blxcxzn.mongodb.net:27017', tagSet=TagSet{[Tag{name='nodeType', value='ELECTABLE'}, Tag{name='provider', value='AWS'}, Tag{name='region', value='EU_WEST_1'}, Tag{name='workloadType', value='OPERATIONAL'}]}, electionId=null, setVersion=7, topologyVersion=TopologyVersion{processId=633c3565365488d3ed6b008e, counter=3}, lastWriteDate=Wed Oct 12 10:06:57 IST 2022, lastUpdateTimeNanos=112901700658018}
[cluster-ClusterId{value='634683b1f3bc457a00eb436f', description='null'}-ac-5bfewms-shard-00-00.blxcxzn.mongodb.net:27017] INFO org.mongodb.driver.connection - Opened connection [connectionId{localValue:40, serverValue:178599}] to ac-5bfewms-shard-00-00.blxcxzn.mongodb.net:27017
[cluster-ClusterId{value='634683b1f3bc457a00eb436f', description='null'}-ac-5bfewms-shard-00-00.blxcxzn.mongodb.net:27017] INFO org.mongodb.driver.cluster - Monitor thread successfully connected to server with description ServerDescription{address=ac-5bfewms-shard-00-00.blxcxzn.mongodb.net:27017, type=REPLICA_SET_SECONDARY, state=CONNECTED, ok=true, minWireVersion=0, maxWireVersion=13, maxDocumentSize=16777216, logicalSessionTimeoutMinutes=30, roundTripTimeNanos=36403486, setName='atlas-6hdzur-shard-0', canonicalAddress=ac-5bfewms-shard-00-00.blxcxzn.mongodb.net:27017, hosts=[ac-5bfewms-shard-00-00.blxcxzn.mongodb.net:27017, ac-5bfewms-shard-00-01.blxcxzn.mongodb.net:27017, ac-5bfewms-shard-00-02.blxcxzn.mongodb.net:27017], passives=[], arbiters=[], primary='ac-5bfewms-shard-00-02.blxcxzn.mongodb.net:27017', tagSet=TagSet{[Tag{name='nodeType', value='ELECTABLE'}, Tag{name='provider', value='AWS'}, Tag{name='region', value='EU_WEST_1'}, Tag{name='workloadType', value='OPERATIONAL'}]}, electionId=null, setVersion=7, topologyVersion=TopologyVersion{processId=633c34c08aae8d2d02d0a4c3, counter=4}, lastWriteDate=Wed Oct 12 10:06:57 IST 2022, lastUpdateTimeNanos=112901702442020}
[cluster-ClusterId{value='634683b1f3bc457a00eb436f', description='null'}-ac-5bfewms-shard-00-02.blxcxzn.mongodb.net:27017] INFO org.mongodb.driver.connection - Opened connection [connectionId{localValue:36, serverValue:179428}] to ac-5bfewms-shard-00-02.blxcxzn.mongodb.net:27017
[cluster-ClusterId{value='634683b1f3bc457a00eb436f', description='null'}-ac-5bfewms-shard-00-02.blxcxzn.mongodb.net:27017] INFO org.mongodb.driver.cluster - Monitor thread successfully connected to server with description ServerDescription{address=ac-5bfewms-shard-00-02.blxcxzn.mongodb.net:27017, type=REPLICA_SET_PRIMARY, state=CONNECTED, ok=true, minWireVersion=0, maxWireVersion=13, maxDocumentSize=16777216, logicalSessionTimeoutMinutes=30, roundTripTimeNanos=38783529, setName='atlas-6hdzur-shard-0', canonicalAddress=ac-5bfewms-shard-00-02.blxcxzn.mongodb.net:27017, hosts=[ac-5bfewms-shard-00-00.blxcxzn.mongodb.net:27017, ac-5bfewms-shard-00-01.blxcxzn.mongodb.net:27017, ac-5bfewms-shard-00-02.blxcxzn.mongodb.net:27017], passives=[], arbiters=[], primary='ac-5bfewms-shard-00-02.blxcxzn.mongodb.net:27017', tagSet=TagSet{[Tag{name='nodeType', value='ELECTABLE'}, Tag{name='provider', value='AWS'}, Tag{name='region', value='EU_WEST_1'}, Tag{name='workloadType', value='OPERATIONAL'}]}, electionId=7fffffff0000000000000056, setVersion=7, topologyVersion=TopologyVersion{processId=633c35123507a642fa1fa1a2, counter=6}, lastWriteDate=Wed Oct 12 10:06:57 IST 2022, lastUpdateTimeNanos=112901704862469}
[cluster-ClusterId{value='634683b1f3bc457a00eb436f', description='null'}-ac-5bfewms-shard-00-02.blxcxzn.mongodb.net:27017] INFO org.mongodb.driver.cluster - Setting max election id to 7fffffff0000000000000056 from replica set primary ac-5bfewms-shard-00-02.blxcxzn.mongodb.net:27017
[cluster-ClusterId{value='634683b1f3bc457a00eb436f', description='null'}-ac-5bfewms-shard-00-02.blxcxzn.mongodb.net:27017] INFO org.mongodb.driver.cluster - Setting max set version to 7 from replica set primary ac-5bfewms-shard-00-02.blxcxzn.mongodb.net:27017
[cluster-ClusterId{value='634683b1f3bc457a00eb436f', description='null'}-ac-5bfewms-shard-00-02.blxcxzn.mongodb.net:27017] INFO org.mongodb.driver.cluster - Discovered replica set primary ac-5bfewms-shard-00-02.blxcxzn.mongodb.net:27017
[cluster-rtt-ClusterId{value='634683b1f3bc457a00eb436f', description='null'}-ac-5bfewms-shard-00-00.blxcxzn.mongodb.net:27017] INFO org.mongodb.driver.connection - Opened connection [connectionId{localValue:41, serverValue:178599}] to ac-5bfewms-shard-00-00.blxcxzn.mongodb.net:27017
[Test worker] INFO org.mongodb.driver.connection - Opened connection [connectionId{localValue:42, serverValue:179492}] to ac-5bfewms-shard-00-02.blxcxzn.mongodb.net:27017
[Test worker] INFO org.mongodb.driver.client - MongoClient with metadata {"driver": {"name": "mongo-java-driver|sync|kmongo", "version": "4.7.1"}, "os": {"type": "Linux", "name": "Linux", "architecture": "amd64", "version": "5.19.13-200.fc36.x86_64"}, "platform": "Java/Red Hat, Inc./17.0.4.1+1|Kotlin/1.7.10"} created with settings MongoClientSettings{readPreference=primary, writeConcern=WriteConcern{w=null, wTimeout=null ms, journal=null}, retryWrites=true, retryReads=true, readConcern=ReadConcern{level=null}, credential=MongoCredential{mechanism=null, userName='bryan', source='admin', password=<hidden>, mechanismProperties=<hidden>}, streamFactoryFactory=null, commandListeners=[], codecRegistry=ProvidersCodecRegistry{codecProviders=[OverridableUuidRepresentationCodecRegistry{wrapped=ProvidersCodecRegistry{codecProviders=[ValueCodecProvider{}, BsonValueCodecProvider{}, DBRefCodecProvider{}, DBObjectCodecProvider{}, DocumentCodecProvider{}, IterableCodecProvider{}, MapCodecProvider{}, GeoJsonCodecProvider{}, GridFSFileCodecProvider{}, Jsr310CodecProvider{}, JsonObjectCodecProvider{}, BsonCodecProvider{}]}, uuidRepresentation=UNSPECIFIED}, org.litote.kmongo.service.CustomCodecProvider@4b54af3d, ProvidersCodecRegistry{codecProviders=[org.litote.kmongo.jackson.JacksonCodecProvider@7bb35cc6]}]}, clusterSettings={hosts=[127.0.0.1:27017], srvHost=coachr-client-db.blxcxzn.mongodb.net, srvServiceName=mongodb, mode=MULTIPLE, requiredClusterType=REPLICA_SET, requiredReplicaSetName='atlas-6hdzur-shard-0', serverSelector='null', clusterListeners='[]', serverSelectionTimeout='30000 ms', localThreshold='30000 ms'}, socketSettings=SocketSettings{connectTimeoutMS=10000, readTimeoutMS=0, receiveBufferSize=0, sendBufferSize=0}, heartbeatSocketSettings=SocketSettings{connectTimeoutMS=10000, readTimeoutMS=10000, receiveBufferSize=0, sendBufferSize=0}, connectionPoolSettings=ConnectionPoolSettings{maxSize=100, minSize=0, maxWaitTimeMS=120000, maxConnectionLifeTimeMS=0, maxConnectionIdleTimeMS=0, maintenanceInitialDelayMS=0, maintenanceFrequencyMS=60000, connectionPoolListeners=[], maxConnecting=2}, serverSettings=ServerSettings{heartbeatFrequencyMS=10000, minHeartbeatFrequencyMS=500, serverListeners='[]', serverMonitorListeners='[]'}, sslSettings=SslSettings{enabled=true, invalidHostNameAllowed=false, context=null}, applicationName='null', compressorList=[], uuidRepresentation=UNSPECIFIED, serverApi=null, autoEncryptionSettings=null, contextProvider=null}
[cluster-ClusterId{value='634683b3f3bc457a00eb4370', description='null'}-srv-coachr-client-db.blxcxzn.mongodb.net] INFO org.mongodb.driver.cluster - Adding discovered server ac-5bfewms-shard-00-02.blxcxzn.mongodb.net:27017 to client view of cluster
[cluster-ClusterId{value='634683b3f3bc457a00eb4370', description='null'}-srv-coachr-client-db.blxcxzn.mongodb.net] INFO org.mongodb.driver.cluster - Adding discovered server ac-5bfewms-shard-00-01.blxcxzn.mongodb.net:27017 to client view of cluster
[cluster-ClusterId{value='634683b3f3bc457a00eb4370', description='null'}-srv-coachr-client-db.blxcxzn.mongodb.net] INFO org.mongodb.driver.cluster - Adding discovered server ac-5bfewms-shard-00-00.blxcxzn.mongodb.net:27017 to client view of cluster
[cluster-ClusterId{value='634683b3f3bc457a00eb4370', description='null'}-ac-5bfewms-shard-00-00.blxcxzn.mongodb.net:27017] INFO org.mongodb.driver.connection - Opened connection [connectionId{localValue:47, serverValue:178603}] to ac-5bfewms-shard-00-00.blxcxzn.mongodb.net:27017
[cluster-ClusterId{value='634683b3f3bc457a00eb4370', description='null'}-ac-5bfewms-shard-00-00.blxcxzn.mongodb.net:27017] INFO org.mongodb.driver.cluster - Monitor thread successfully connected to server with description ServerDescription{address=ac-5bfewms-shard-00-00.blxcxzn.mongodb.net:27017, type=REPLICA_SET_SECONDARY, state=CONNECTED, ok=true, minWireVersion=0, maxWireVersion=13, maxDocumentSize=16777216, logicalSessionTimeoutMinutes=30, roundTripTimeNanos=22579226, setName='atlas-6hdzur-shard-0', canonicalAddress=ac-5bfewms-shard-00-00.blxcxzn.mongodb.net:27017, hosts=[ac-5bfewms-shard-00-00.blxcxzn.mongodb.net:27017, ac-5bfewms-shard-00-01.blxcxzn.mongodb.net:27017, ac-5bfewms-shard-00-02.blxcxzn.mongodb.net:27017], passives=[], arbiters=[], primary='ac-5bfewms-shard-00-02.blxcxzn.mongodb.net:27017', tagSet=TagSet{[Tag{name='nodeType', value='ELECTABLE'}, Tag{name='provider', value='AWS'}, Tag{name='region', value='EU_WEST_1'}, Tag{name='workloadType', value='OPERATIONAL'}]}, electionId=null, setVersion=7, topologyVersion=TopologyVersion{processId=633c34c08aae8d2d02d0a4c3, counter=4}, lastWriteDate=Wed Oct 12 10:06:59 IST 2022, lastUpdateTimeNanos=112903376070122}
[cluster-rtt-ClusterId{value='634683b3f3bc457a00eb4370', description='null'}-ac-5bfewms-shard-00-02.blxcxzn.mongodb.net:27017] INFO org.mongodb.driver.connection - Opened connection [connectionId{localValue:44, serverValue:179512}] to ac-5bfewms-shard-00-02.blxcxzn.mongodb.net:27017
[cluster-rtt-ClusterId{value='634683b3f3bc457a00eb4370', description='null'}-ac-5bfewms-shard-00-01.blxcxzn.mongodb.net:27017] INFO org.mongodb.driver.connection - Opened connection [connectionId{localValue:46, serverValue:178454}] to ac-5bfewms-shard-00-01.blxcxzn.mongodb.net:27017
[cluster-ClusterId{value='634683b3f3bc457a00eb4370', description='null'}-ac-5bfewms-shard-00-01.blxcxzn.mongodb.net:27017] INFO org.mongodb.driver.connection - Opened connection [connectionId{localValue:45, serverValue:178454}] to ac-5bfewms-shard-00-01.blxcxzn.mongodb.net:27017
[cluster-ClusterId{value='634683b3f3bc457a00eb4370', description='null'}-ac-5bfewms-shard-00-01.blxcxzn.mongodb.net:27017] INFO org.mongodb.driver.cluster - Monitor thread successfully connected to server with description ServerDescription{address=ac-5bfewms-shard-00-01.blxcxzn.mongodb.net:27017, type=REPLICA_SET_SECONDARY, state=CONNECTED, ok=true, minWireVersion=0, maxWireVersion=13, maxDocumentSize=16777216, logicalSessionTimeoutMinutes=30, roundTripTimeNanos=38344725, setName='atlas-6hdzur-shard-0', canonicalAddress=ac-5bfewms-shard-00-01.blxcxzn.mongodb.net:27017, hosts=[ac-5bfewms-shard-00-00.blxcxzn.mongodb.net:27017, ac-5bfewms-shard-00-01.blxcxzn.mongodb.net:27017, ac-5bfewms-shard-00-02.blxcxzn.mongodb.net:27017], passives=[], arbiters=[], primary='ac-5bfewms-shard-00-02.blxcxzn.mongodb.net:27017', tagSet=TagSet{[Tag{name='nodeType', value='ELECTABLE'}, Tag{name='provider', value='AWS'}, Tag{name='region', value='EU_WEST_1'}, Tag{name='workloadType', value='OPERATIONAL'}]}, electionId=null, setVersion=7, topologyVersion=TopologyVersion{processId=633c3565365488d3ed6b008e, counter=3}, lastWriteDate=Wed Oct 12 10:06:59 IST 2022, lastUpdateTimeNanos=112903388168661}
[cluster-rtt-ClusterId{value='634683b3f3bc457a00eb4370', description='null'}-ac-5bfewms-shard-00-00.blxcxzn.mongodb.net:27017] INFO org.mongodb.driver.connection - Opened connection [connectionId{localValue:48, serverValue:178602}] to ac-5bfewms-shard-00-00.blxcxzn.mongodb.net:27017
[cluster-ClusterId{value='634683b3f3bc457a00eb4370', description='null'}-ac-5bfewms-shard-00-02.blxcxzn.mongodb.net:27017] INFO org.mongodb.driver.connection - Opened connection [connectionId{localValue:43, serverValue:179512}] to ac-5bfewms-shard-00-02.blxcxzn.mongodb.net:27017
[cluster-ClusterId{value='634683b3f3bc457a00eb4370', description='null'}-ac-5bfewms-shard-00-02.blxcxzn.mongodb.net:27017] INFO org.mongodb.driver.cluster - Monitor thread successfully connected to server with description ServerDescription{address=ac-5bfewms-shard-00-02.blxcxzn.mongodb.net:27017, type=REPLICA_SET_PRIMARY, state=CONNECTED, ok=true, minWireVersion=0, maxWireVersion=13, maxDocumentSize=16777216, logicalSessionTimeoutMinutes=30, roundTripTimeNanos=50876123, setName='atlas-6hdzur-shard-0', canonicalAddress=ac-5bfewms-shard-00-02.blxcxzn.mongodb.net:27017, hosts=[ac-5bfewms-shard-00-00.blxcxzn.mongodb.net:27017, ac-5bfewms-shard-00-01.blxcxzn.mongodb.net:27017, ac-5bfewms-shard-00-02.blxcxzn.mongodb.net:27017], passives=[], arbiters=[], primary='ac-5bfewms-shard-00-02.blxcxzn.mongodb.net:27017', tagSet=TagSet{[Tag{name='nodeType', value='ELECTABLE'}, Tag{name='provider', value='AWS'}, Tag{name='region', value='EU_WEST_1'}, Tag{name='workloadType', value='OPERATIONAL'}]}, electionId=7fffffff0000000000000056, setVersion=7, topologyVersion=TopologyVersion{processId=633c35123507a642fa1fa1a2, counter=6}, lastWriteDate=Wed Oct 12 10:06:59 IST 2022, lastUpdateTimeNanos=112903400748855}
[cluster-ClusterId{value='634683b3f3bc457a00eb4370', description='null'}-ac-5bfewms-shard-00-02.blxcxzn.mongodb.net:27017] INFO org.mongodb.driver.cluster - Setting max election id to 7fffffff0000000000000056 from replica set primary ac-5bfewms-shard-00-02.blxcxzn.mongodb.net:27017
[cluster-ClusterId{value='634683b3f3bc457a00eb4370', description='null'}-ac-5bfewms-shard-00-02.blxcxzn.mongodb.net:27017] INFO org.mongodb.driver.cluster - Setting max set version to 7 from replica set primary ac-5bfewms-shard-00-02.blxcxzn.mongodb.net:27017
[cluster-ClusterId{value='634683b3f3bc457a00eb4370', description='null'}-ac-5bfewms-shard-00-02.blxcxzn.mongodb.net:27017] INFO org.mongodb.driver.cluster - Discovered replica set primary ac-5bfewms-shard-00-02.blxcxzn.mongodb.net:27017
[Test worker] INFO org.mongodb.driver.connection - Opened connection [connectionId{localValue:49, serverValue:179062}] to ac-5bfewms-shard-00-02.blxcxzn.mongodb.net:27017
[Test worker] INFO org.mongodb.driver.client - MongoClient with metadata {"driver": {"name": "mongo-java-driver|sync|kmongo", "version": "4.7.1"}, "os": {"type": "Linux", "name": "Linux", "architecture": "amd64", "version": "5.19.13-200.fc36.x86_64"}, "platform": "Java/Red Hat, Inc./17.0.4.1+1|Kotlin/1.7.10"} created with settings MongoClientSettings{readPreference=primary, writeConcern=WriteConcern{w=null, wTimeout=null ms, journal=null}, retryWrites=true, retryReads=true, readConcern=ReadConcern{level=null}, credential=MongoCredential{mechanism=null, userName='bryan', source='admin', password=<hidden>, mechanismProperties=<hidden>}, streamFactoryFactory=null, commandListeners=[], codecRegistry=ProvidersCodecRegistry{codecProviders=[OverridableUuidRepresentationCodecRegistry{wrapped=ProvidersCodecRegistry{codecProviders=[ValueCodecProvider{}, BsonValueCodecProvider{}, DBRefCodecProvider{}, DBObjectCodecProvider{}, DocumentCodecProvider{}, IterableCodecProvider{}, MapCodecProvider{}, GeoJsonCodecProvider{}, GridFSFileCodecProvider{}, Jsr310CodecProvider{}, JsonObjectCodecProvider{}, BsonCodecProvider{}]}, uuidRepresentation=UNSPECIFIED}, org.litote.kmongo.service.CustomCodecProvider@4b54af3d, ProvidersCodecRegistry{codecProviders=[org.litote.kmongo.jackson.JacksonCodecProvider@7bb35cc6]}]}, clusterSettings={hosts=[127.0.0.1:27017], srvHost=coachr-client-db.blxcxzn.mongodb.net, srvServiceName=mongodb, mode=MULTIPLE, requiredClusterType=REPLICA_SET, requiredReplicaSetName='atlas-6hdzur-shard-0', serverSelector='null', clusterListeners='[]', serverSelectionTimeout='30000 ms', localThreshold='30000 ms'}, socketSettings=SocketSettings{connectTimeoutMS=10000, readTimeoutMS=0, receiveBufferSize=0, sendBufferSize=0}, heartbeatSocketSettings=SocketSettings{connectTimeoutMS=10000, readTimeoutMS=10000, receiveBufferSize=0, sendBufferSize=0}, connectionPoolSettings=ConnectionPoolSettings{maxSize=100, minSize=0, maxWaitTimeMS=120000, maxConnectionLifeTimeMS=0, maxConnectionIdleTimeMS=0, maintenanceInitialDelayMS=0, maintenanceFrequencyMS=60000, connectionPoolListeners=[], maxConnecting=2}, serverSettings=ServerSettings{heartbeatFrequencyMS=10000, minHeartbeatFrequencyMS=500, serverListeners='[]', serverMonitorListeners='[]'}, sslSettings=SslSettings{enabled=true, invalidHostNameAllowed=false, context=null}, applicationName='null', compressorList=[], uuidRepresentation=UNSPECIFIED, serverApi=null, autoEncryptionSettings=null, contextProvider=null}
[cluster-ClusterId{value='634683b4f3bc457a00eb4371', description='null'}-srv-coachr-client-db.blxcxzn.mongodb.net] INFO org.mongodb.driver.cluster - Adding discovered server ac-5bfewms-shard-00-02.blxcxzn.mongodb.net:27017 to client view of cluster
[cluster-ClusterId{value='634683b4f3bc457a00eb4371', description='null'}-srv-coachr-client-db.blxcxzn.mongodb.net] INFO org.mongodb.driver.cluster - Adding discovered server ac-5bfewms-shard-00-01.blxcxzn.mongodb.net:27017 to client view of cluster
[cluster-ClusterId{value='634683b4f3bc457a00eb4371', description='null'}-srv-coachr-client-db.blxcxzn.mongodb.net] INFO org.mongodb.driver.cluster - Adding discovered server ac-5bfewms-shard-00-00.blxcxzn.mongodb.net:27017 to client view of cluster
[cluster-ClusterId{value='634683b4f3bc457a00eb4371', description='null'}-ac-5bfewms-shard-00-02.blxcxzn.mongodb.net:27017] INFO org.mongodb.driver.connection - Opened connection [connectionId{localValue:50, serverValue:179397}] to ac-5bfewms-shard-00-02.blxcxzn.mongodb.net:27017
[cluster-ClusterId{value='634683b4f3bc457a00eb4371', description='null'}-ac-5bfewms-shard-00-02.blxcxzn.mongodb.net:27017] INFO org.mongodb.driver.cluster - Monitor thread successfully connected to server with description ServerDescription{address=ac-5bfewms-shard-00-02.blxcxzn.mongodb.net:27017, type=REPLICA_SET_PRIMARY, state=CONNECTED, ok=true, minWireVersion=0, maxWireVersion=13, maxDocumentSize=16777216, logicalSessionTimeoutMinutes=30, roundTripTimeNanos=38033994, setName='atlas-6hdzur-shard-0', canonicalAddress=ac-5bfewms-shard-00-02.blxcxzn.mongodb.net:27017, hosts=[ac-5bfewms-shard-00-00.blxcxzn.mongodb.net:27017, ac-5bfewms-shard-00-01.blxcxzn.mongodb.net:27017, ac-5bfewms-shard-00-02.blxcxzn.mongodb.net:27017], passives=[], arbiters=[], primary='ac-5bfewms-shard-00-02.blxcxzn.mongodb.net:27017', tagSet=TagSet{[Tag{name='nodeType', value='ELECTABLE'}, Tag{name='provider', value='AWS'}, Tag{name='region', value='EU_WEST_1'}, Tag{name='workloadType', value='OPERATIONAL'}]}, electionId=7fffffff0000000000000056, setVersion=7, topologyVersion=TopologyVersion{processId=633c35123507a642fa1fa1a2, counter=6}, lastWriteDate=Wed Oct 12 10:07:00 IST 2022, lastUpdateTimeNanos=112905054713318}
[cluster-ClusterId{value='634683b4f3bc457a00eb4371', description='null'}-ac-5bfewms-shard-00-02.blxcxzn.mongodb.net:27017] INFO org.mongodb.driver.cluster - Setting max election id to 7fffffff0000000000000056 from replica set primary ac-5bfewms-shard-00-02.blxcxzn.mongodb.net:27017
[cluster-ClusterId{value='634683b4f3bc457a00eb4371', description='null'}-ac-5bfewms-shard-00-00.blxcxzn.mongodb.net:27017] INFO org.mongodb.driver.connection - Opened connection [connectionId{localValue:54, serverValue:178602}] to ac-5bfewms-shard-00-00.blxcxzn.mongodb.net:27017
[cluster-ClusterId{value='634683b4f3bc457a00eb4371', description='null'}-ac-5bfewms-shard-00-02.blxcxzn.mongodb.net:27017] INFO org.mongodb.driver.cluster - Setting max set version to 7 from replica set primary ac-5bfewms-shard-00-02.blxcxzn.mongodb.net:27017
[cluster-ClusterId{value='634683b4f3bc457a00eb4371', description='null'}-ac-5bfewms-shard-00-02.blxcxzn.mongodb.net:27017] INFO org.mongodb.driver.cluster - Discovered replica set primary ac-5bfewms-shard-00-02.blxcxzn.mongodb.net:27017
[cluster-ClusterId{value='634683b4f3bc457a00eb4371', description='null'}-ac-5bfewms-shard-00-00.blxcxzn.mongodb.net:27017] INFO org.mongodb.driver.cluster - Monitor thread successfully connected to server with description ServerDescription{address=ac-5bfewms-shard-00-00.blxcxzn.mongodb.net:27017, type=REPLICA_SET_SECONDARY, state=CONNECTED, ok=true, minWireVersion=0, maxWireVersion=13, maxDocumentSize=16777216, logicalSessionTimeoutMinutes=30, roundTripTimeNanos=39025181, setName='atlas-6hdzur-shard-0', canonicalAddress=ac-5bfewms-shard-00-00.blxcxzn.mongodb.net:27017, hosts=[ac-5bfewms-shard-00-00.blxcxzn.mongodb.net:27017, ac-5bfewms-shard-00-01.blxcxzn.mongodb.net:27017, ac-5bfewms-shard-00-02.blxcxzn.mongodb.net:27017], passives=[], arbiters=[], primary='ac-5bfewms-shard-00-02.blxcxzn.mongodb.net:27017', tagSet=TagSet{[Tag{name='nodeType', value='ELECTABLE'}, Tag{name='provider', value='AWS'}, Tag{name='region', value='EU_WEST_1'}, Tag{name='workloadType', value='OPERATIONAL'}]}, electionId=null, setVersion=7, topologyVersion=TopologyVersion{processId=633c34c08aae8d2d02d0a4c3, counter=4}, lastWriteDate=Wed Oct 12 10:07:00 IST 2022, lastUpdateTimeNanos=112905055722457}
[cluster-rtt-ClusterId{value='634683b4f3bc457a00eb4371', description='null'}-ac-5bfewms-shard-00-01.blxcxzn.mongodb.net:27017] INFO org.mongodb.driver.connection - Opened connection [connectionId{localValue:53, serverValue:178460}] to ac-5bfewms-shard-00-01.blxcxzn.mongodb.net:27017
[cluster-ClusterId{value='634683b4f3bc457a00eb4371', description='null'}-ac-5bfewms-shard-00-01.blxcxzn.mongodb.net:27017] INFO org.mongodb.driver.connection - Opened connection [connectionId{localValue:52, serverValue:178460}] to ac-5bfewms-shard-00-01.blxcxzn.mongodb.net:27017
[cluster-ClusterId{value='634683b4f3bc457a00eb4371', description='null'}-ac-5bfewms-shard-00-01.blxcxzn.mongodb.net:27017] INFO org.mongodb.driver.cluster - Monitor thread successfully connected to server with description ServerDescription{address=ac-5bfewms-shard-00-01.blxcxzn.mongodb.net:27017, type=REPLICA_SET_SECONDARY, state=CONNECTED, ok=true, minWireVersion=0, maxWireVersion=13, maxDocumentSize=16777216, logicalSessionTimeoutMinutes=30, roundTripTimeNanos=50411939, setName='atlas-6hdzur-shard-0', canonicalAddress=ac-5bfewms-shard-00-01.blxcxzn.mongodb.net:27017, hosts=[ac-5bfewms-shard-00-00.blxcxzn.mongodb.net:27017, ac-5bfewms-shard-00-01.blxcxzn.mongodb.net:27017, ac-5bfewms-shard-00-02.blxcxzn.mongodb.net:27017], passives=[], arbiters=[], primary='ac-5bfewms-shard-00-02.blxcxzn.mongodb.net:27017', tagSet=TagSet{[Tag{name='nodeType', value='ELECTABLE'}, Tag{name='provider', value='AWS'}, Tag{name='region', value='EU_WEST_1'}, Tag{name='workloadType', value='OPERATIONAL'}]}, electionId=null, setVersion=7, topologyVersion=TopologyVersion{processId=633c3565365488d3ed6b008e, counter=3}, lastWriteDate=Wed Oct 12 10:07:00 IST 2022, lastUpdateTimeNanos=112905067054239}
[cluster-rtt-ClusterId{value='634683b4f3bc457a00eb4371', description='null'}-ac-5bfewms-shard-00-02.blxcxzn.mongodb.net:27017] INFO org.mongodb.driver.connection - Opened connection [connectionId{localValue:51, serverValue:179352}] to ac-5bfewms-shard-00-02.blxcxzn.mongodb.net:27017
[cluster-rtt-ClusterId{value='634683b4f3bc457a00eb4371', description='null'}-ac-5bfewms-shard-00-00.blxcxzn.mongodb.net:27017] INFO org.mongodb.driver.connection - Opened connection [connectionId{localValue:55, serverValue:178606}] to ac-5bfewms-shard-00-00.blxcxzn.mongodb.net:27017
[Test worker] INFO org.mongodb.driver.connection - Opened connection [connectionId{localValue:56, serverValue:179417}] to ac-5bfewms-shard-00-02.blxcxzn.mongodb.net:27017
[Test worker] INFO org.mongodb.driver.client - MongoClient with metadata {"driver": {"name": "mongo-java-driver|sync|kmongo", "version": "4.7.1"}, "os": {"type": "Linux", "name": "Linux", "architecture": "amd64", "version": "5.19.13-200.fc36.x86_64"}, "platform": "Java/Red Hat, Inc./17.0.4.1+1|Kotlin/1.7.10"} created with settings MongoClientSettings{readPreference=primary, writeConcern=WriteConcern{w=null, wTimeout=null ms, journal=null}, retryWrites=true, retryReads=true, readConcern=ReadConcern{level=null}, credential=MongoCredential{mechanism=null, userName='bryan', source='admin', password=<hidden>, mechanismProperties=<hidden>}, streamFactoryFactory=null, commandListeners=[], codecRegistry=ProvidersCodecRegistry{codecProviders=[OverridableUuidRepresentationCodecRegistry{wrapped=ProvidersCodecRegistry{codecProviders=[ValueCodecProvider{}, BsonValueCodecProvider{}, DBRefCodecProvider{}, DBObjectCodecProvider{}, DocumentCodecProvider{}, IterableCodecProvider{}, MapCodecProvider{}, GeoJsonCodecProvider{}, GridFSFileCodecProvider{}, Jsr310CodecProvider{}, JsonObjectCodecProvider{}, BsonCodecProvider{}]}, uuidRepresentation=UNSPECIFIED}, org.litote.kmongo.service.CustomCodecProvider@4b54af3d, ProvidersCodecRegistry{codecProviders=[org.litote.kmongo.jackson.JacksonCodecProvider@7bb35cc6]}]}, clusterSettings={hosts=[127.0.0.1:27017], srvHost=coachr-client-db.blxcxzn.mongodb.net, srvServiceName=mongodb, mode=MULTIPLE, requiredClusterType=REPLICA_SET, requiredReplicaSetName='atlas-6hdzur-shard-0', serverSelector='null', clusterListeners='[]', serverSelectionTimeout='30000 ms', localThreshold='30000 ms'}, socketSettings=SocketSettings{connectTimeoutMS=10000, readTimeoutMS=0, receiveBufferSize=0, sendBufferSize=0}, heartbeatSocketSettings=SocketSettings{connectTimeoutMS=10000, readTimeoutMS=10000, receiveBufferSize=0, sendBufferSize=0}, connectionPoolSettings=ConnectionPoolSettings{maxSize=100, minSize=0, maxWaitTimeMS=120000, maxConnectionLifeTimeMS=0, maxConnectionIdleTimeMS=0, maintenanceInitialDelayMS=0, maintenanceFrequencyMS=60000, connectionPoolListeners=[], maxConnecting=2}, serverSettings=ServerSettings{heartbeatFrequencyMS=10000, minHeartbeatFrequencyMS=500, serverListeners='[]', serverMonitorListeners='[]'}, sslSettings=SslSettings{enabled=true, invalidHostNameAllowed=false, context=null}, applicationName='null', compressorList=[], uuidRepresentation=UNSPECIFIED, serverApi=null, autoEncryptionSettings=null, contextProvider=null}
[cluster-ClusterId{value='634683b6f3bc457a00eb4372', description='null'}-srv-coachr-client-db.blxcxzn.mongodb.net] INFO org.mongodb.driver.cluster - Adding discovered server ac-5bfewms-shard-00-02.blxcxzn.mongodb.net:27017 to client view of cluster
[cluster-ClusterId{value='634683b6f3bc457a00eb4372', description='null'}-srv-coachr-client-db.blxcxzn.mongodb.net] INFO org.mongodb.driver.cluster - Adding discovered server ac-5bfewms-shard-00-01.blxcxzn.mongodb.net:27017 to client view of cluster
[cluster-ClusterId{value='634683b6f3bc457a00eb4372', description='null'}-srv-coachr-client-db.blxcxzn.mongodb.net] INFO org.mongodb.driver.cluster - Adding discovered server ac-5bfewms-shard-00-00.blxcxzn.mongodb.net:27017 to client view of cluster
[cluster-ClusterId{value='634683b6f3bc457a00eb4372', description='null'}-ac-5bfewms-shard-00-02.blxcxzn.mongodb.net:27017] INFO org.mongodb.driver.connection - Opened connection [connectionId{localValue:57, serverValue:179481}] to ac-5bfewms-shard-00-02.blxcxzn.mongodb.net:27017
[cluster-ClusterId{value='634683b6f3bc457a00eb4372', description='null'}-ac-5bfewms-shard-00-02.blxcxzn.mongodb.net:27017] INFO org.mongodb.driver.cluster - Monitor thread successfully connected to server with description ServerDescription{address=ac-5bfewms-shard-00-02.blxcxzn.mongodb.net:27017, type=REPLICA_SET_PRIMARY, state=CONNECTED, ok=true, minWireVersion=0, maxWireVersion=13, maxDocumentSize=16777216, logicalSessionTimeoutMinutes=30, roundTripTimeNanos=22651399, setName='atlas-6hdzur-shard-0', canonicalAddress=ac-5bfewms-shard-00-02.blxcxzn.mongodb.net:27017, hosts=[ac-5bfewms-shard-00-00.blxcxzn.mongodb.net:27017, ac-5bfewms-shard-00-01.blxcxzn.mongodb.net:27017, ac-5bfewms-shard-00-02.blxcxzn.mongodb.net:27017], passives=[], arbiters=[], primary='ac-5bfewms-shard-00-02.blxcxzn.mongodb.net:27017', tagSet=TagSet{[Tag{name='nodeType', value='ELECTABLE'}, Tag{name='provider', value='AWS'}, Tag{name='region', value='EU_WEST_1'}, Tag{name='workloadType', value='OPERATIONAL'}]}, electionId=7fffffff0000000000000056, setVersion=7, topologyVersion=TopologyVersion{processId=633c35123507a642fa1fa1a2, counter=6}, lastWriteDate=Wed Oct 12 10:07:02 IST 2022, lastUpdateTimeNanos=112906720247776}
[cluster-ClusterId{value='634683b6f3bc457a00eb4372', description='null'}-ac-5bfewms-shard-00-02.blxcxzn.mongodb.net:27017] INFO org.mongodb.driver.cluster - Setting max election id to 7fffffff0000000000000056 from replica set primary ac-5bfewms-shard-00-02.blxcxzn.mongodb.net:27017
[cluster-ClusterId{value='634683b6f3bc457a00eb4372', description='null'}-ac-5bfewms-shard-00-02.blxcxzn.mongodb.net:27017] INFO org.mongodb.driver.cluster - Setting max set version to 7 from replica set primary ac-5bfewms-shard-00-02.blxcxzn.mongodb.net:27017
[cluster-ClusterId{value='634683b6f3bc457a00eb4372', description='null'}-ac-5bfewms-shard-00-02.blxcxzn.mongodb.net:27017] INFO org.mongodb.driver.cluster - Discovered replica set primary ac-5bfewms-shard-00-02.blxcxzn.mongodb.net:27017
[cluster-rtt-ClusterId{value='634683b6f3bc457a00eb4372', description='null'}-ac-5bfewms-shard-00-01.blxcxzn.mongodb.net:27017] INFO org.mongodb.driver.connection - Opened connection [connectionId{localValue:60, serverValue:178455}] to ac-5bfewms-shard-00-01.blxcxzn.mongodb.net:27017
[cluster-ClusterId{value='634683b6f3bc457a00eb4372', description='null'}-ac-5bfewms-shard-00-00.blxcxzn.mongodb.net:27017] INFO org.mongodb.driver.connection - Opened connection [connectionId{localValue:61, serverValue:178606}] to ac-5bfewms-shard-00-00.blxcxzn.mongodb.net:27017
[cluster-ClusterId{value='634683b6f3bc457a00eb4372', description='null'}-ac-5bfewms-shard-00-00.blxcxzn.mongodb.net:27017] INFO org.mongodb.driver.cluster - Monitor thread successfully connected to server with description ServerDescription{address=ac-5bfewms-shard-00-00.blxcxzn.mongodb.net:27017, type=REPLICA_SET_SECONDARY, state=CONNECTED, ok=true, minWireVersion=0, maxWireVersion=13, maxDocumentSize=16777216, logicalSessionTimeoutMinutes=30, roundTripTimeNanos=29129666, setName='atlas-6hdzur-shard-0', canonicalAddress=ac-5bfewms-shard-00-00.blxcxzn.mongodb.net:27017, hosts=[ac-5bfewms-shard-00-00.blxcxzn.mongodb.net:27017, ac-5bfewms-shard-00-01.blxcxzn.mongodb.net:27017, ac-5bfewms-shard-00-02.blxcxzn.mongodb.net:27017], passives=[], arbiters=[], primary='ac-5bfewms-shard-00-02.blxcxzn.mongodb.net:27017', tagSet=TagSet{[Tag{name='nodeType', value='ELECTABLE'}, Tag{name='provider', value='AWS'}, Tag{name='region', value='EU_WEST_1'}, Tag{name='workloadType', value='OPERATIONAL'}]}, electionId=null, setVersion=7, topologyVersion=TopologyVersion{processId=633c34c08aae8d2d02d0a4c3, counter=4}, lastWriteDate=Wed Oct 12 10:07:02 IST 2022, lastUpdateTimeNanos=112906726899066}
[cluster-rtt-ClusterId{value='634683b6f3bc457a00eb4372', description='null'}-ac-5bfewms-shard-00-00.blxcxzn.mongodb.net:27017] INFO org.mongodb.driver.connection - Opened connection [connectionId{localValue:62, serverValue:178605}] to ac-5bfewms-shard-00-00.blxcxzn.mongodb.net:27017
[cluster-ClusterId{value='634683b6f3bc457a00eb4372', description='null'}-ac-5bfewms-shard-00-01.blxcxzn.mongodb.net:27017] INFO org.mongodb.driver.connection - Opened connection [connectionId{localValue:59, serverValue:178455}] to ac-5bfewms-shard-00-01.blxcxzn.mongodb.net:27017
[cluster-ClusterId{value='634683b6f3bc457a00eb4372', description='null'}-ac-5bfewms-shard-00-01.blxcxzn.mongodb.net:27017] INFO org.mongodb.driver.cluster - Monitor thread successfully connected to server with description ServerDescription{address=ac-5bfewms-shard-00-01.blxcxzn.mongodb.net:27017, type=REPLICA_SET_SECONDARY, state=CONNECTED, ok=true, minWireVersion=0, maxWireVersion=13, maxDocumentSize=16777216, logicalSessionTimeoutMinutes=30, roundTripTimeNanos=41355521, setName='atlas-6hdzur-shard-0', canonicalAddress=ac-5bfewms-shard-00-01.blxcxzn.mongodb.net:27017, hosts=[ac-5bfewms-shard-00-00.blxcxzn.mongodb.net:27017, ac-5bfewms-shard-00-01.blxcxzn.mongodb.net:27017, ac-5bfewms-shard-00-02.blxcxzn.mongodb.net:27017], passives=[], arbiters=[], primary='ac-5bfewms-shard-00-02.blxcxzn.mongodb.net:27017', tagSet=TagSet{[Tag{name='nodeType', value='ELECTABLE'}, Tag{name='provider', value='AWS'}, Tag{name='region', value='EU_WEST_1'}, Tag{name='workloadType', value='OPERATIONAL'}]}, electionId=null, setVersion=7, topologyVersion=TopologyVersion{processId=633c3565365488d3ed6b008e, counter=3}, lastWriteDate=Wed Oct 12 10:07:02 IST 2022, lastUpdateTimeNanos=112906739086134}
[cluster-rtt-ClusterId{value='634683b6f3bc457a00eb4372', description='null'}-ac-5bfewms-shard-00-02.blxcxzn.mongodb.net:27017] INFO org.mongodb.driver.connection - Opened connection [connectionId{localValue:58, serverValue:179481}] to ac-5bfewms-shard-00-02.blxcxzn.mongodb.net:27017
[Test worker] INFO org.mongodb.driver.connection - Opened connection [connectionId{localValue:63, serverValue:179447}] to ac-5bfewms-shard-00-02.blxcxzn.mongodb.net:27017
[Test worker] INFO org.mongodb.driver.client - MongoClient with metadata {"driver": {"name": "mongo-java-driver|sync|kmongo", "version": "4.7.1"}, "os": {"type": "Linux", "name": "Linux", "architecture": "amd64", "version": "5.19.13-200.fc36.x86_64"}, "platform": "Java/Red Hat, Inc./17.0.4.1+1|Kotlin/1.7.10"} created with settings MongoClientSettings{readPreference=primary, writeConcern=WriteConcern{w=null, wTimeout=null ms, journal=null}, retryWrites=true, retryReads=true, readConcern=ReadConcern{level=null}, credential=MongoCredential{mechanism=null, userName='bryan', source='admin', password=<hidden>, mechanismProperties=<hidden>}, streamFactoryFactory=null, commandListeners=[], codecRegistry=ProvidersCodecRegistry{codecProviders=[OverridableUuidRepresentationCodecRegistry{wrapped=ProvidersCodecRegistry{codecProviders=[ValueCodecProvider{}, BsonValueCodecProvider{}, DBRefCodecProvider{}, DBObjectCodecProvider{}, DocumentCodecProvider{}, IterableCodecProvider{}, MapCodecProvider{}, GeoJsonCodecProvider{}, GridFSFileCodecProvider{}, Jsr310CodecProvider{}, JsonObjectCodecProvider{}, BsonCodecProvider{}]}, uuidRepresentation=UNSPECIFIED}, org.litote.kmongo.service.CustomCodecProvider@4b54af3d, ProvidersCodecRegistry{codecProviders=[org.litote.kmongo.jackson.JacksonCodecProvider@7bb35cc6]}]}, clusterSettings={hosts=[127.0.0.1:27017], srvHost=coachr-client-db.blxcxzn.mongodb.net, srvServiceName=mongodb, mode=MULTIPLE, requiredClusterType=REPLICA_SET, requiredReplicaSetName='atlas-6hdzur-shard-0', serverSelector='null', clusterListeners='[]', serverSelectionTimeout='30000 ms', localThreshold='30000 ms'}, socketSettings=SocketSettings{connectTimeoutMS=10000, readTimeoutMS=0, receiveBufferSize=0, sendBufferSize=0}, heartbeatSocketSettings=SocketSettings{connectTimeoutMS=10000, readTimeoutMS=10000, receiveBufferSize=0, sendBufferSize=0}, connectionPoolSettings=ConnectionPoolSettings{maxSize=100, minSize=0, maxWaitTimeMS=120000, maxConnectionLifeTimeMS=0, maxConnectionIdleTimeMS=0, maintenanceInitialDelayMS=0, maintenanceFrequencyMS=60000, connectionPoolListeners=[], maxConnecting=2}, serverSettings=ServerSettings{heartbeatFrequencyMS=10000, minHeartbeatFrequencyMS=500, serverListeners='[]', serverMonitorListeners='[]'}, sslSettings=SslSettings{enabled=true, invalidHostNameAllowed=false, context=null}, applicationName='null', compressorList=[], uuidRepresentation=UNSPECIFIED, serverApi=null, autoEncryptionSettings=null, contextProvider=null}
[cluster-ClusterId{value='634683b8f3bc457a00eb4373', description='null'}-srv-coachr-client-db.blxcxzn.mongodb.net] INFO org.mongodb.driver.cluster - Adding discovered server ac-5bfewms-shard-00-02.blxcxzn.mongodb.net:27017 to client view of cluster
[cluster-ClusterId{value='634683b8f3bc457a00eb4373', description='null'}-srv-coachr-client-db.blxcxzn.mongodb.net] INFO org.mongodb.driver.cluster - Adding discovered server ac-5bfewms-shard-00-01.blxcxzn.mongodb.net:27017 to client view of cluster
[cluster-ClusterId{value='634683b8f3bc457a00eb4373', description='null'}-srv-coachr-client-db.blxcxzn.mongodb.net] INFO org.mongodb.driver.cluster - Adding discovered server ac-5bfewms-shard-00-00.blxcxzn.mongodb.net:27017 to client view of cluster
[cluster-rtt-ClusterId{value='634683b8f3bc457a00eb4373', description='null'}-ac-5bfewms-shard-00-00.blxcxzn.mongodb.net:27017] INFO org.mongodb.driver.connection - Opened connection [connectionId{localValue:69, serverValue:178605}] to ac-5bfewms-shard-00-00.blxcxzn.mongodb.net:27017
[cluster-ClusterId{value='634683b8f3bc457a00eb4373', description='null'}-ac-5bfewms-shard-00-02.blxcxzn.mongodb.net:27017] INFO org.mongodb.driver.connection - Opened connection [connectionId{localValue:64, serverValue:179517}] to ac-5bfewms-shard-00-02.blxcxzn.mongodb.net:27017
[cluster-ClusterId{value='634683b8f3bc457a00eb4373', description='null'}-ac-5bfewms-shard-00-02.blxcxzn.mongodb.net:27017] INFO org.mongodb.driver.cluster - Monitor thread successfully connected to server with description ServerDescription{address=ac-5bfewms-shard-00-02.blxcxzn.mongodb.net:27017, type=REPLICA_SET_PRIMARY, state=CONNECTED, ok=true, minWireVersion=0, maxWireVersion=13, maxDocumentSize=16777216, logicalSessionTimeoutMinutes=30, roundTripTimeNanos=20271361, setName='atlas-6hdzur-shard-0', canonicalAddress=ac-5bfewms-shard-00-02.blxcxzn.mongodb.net:27017, hosts=[ac-5bfewms-shard-00-00.blxcxzn.mongodb.net:27017, ac-5bfewms-shard-00-01.blxcxzn.mongodb.net:27017, ac-5bfewms-shard-00-02.blxcxzn.mongodb.net:27017], passives=[], arbiters=[], primary='ac-5bfewms-shard-00-02.blxcxzn.mongodb.net:27017', tagSet=TagSet{[Tag{name='nodeType', value='ELECTABLE'}, Tag{name='provider', value='AWS'}, Tag{name='region', value='EU_WEST_1'}, Tag{name='workloadType', value='OPERATIONAL'}]}, electionId=7fffffff0000000000000056, setVersion=7, topologyVersion=TopologyVersion{processId=633c35123507a642fa1fa1a2, counter=6}, lastWriteDate=Wed Oct 12 10:07:04 IST 2022, lastUpdateTimeNanos=112908364210092}
[cluster-ClusterId{value='634683b8f3bc457a00eb4373', description='null'}-ac-5bfewms-shard-00-02.blxcxzn.mongodb.net:27017] INFO org.mongodb.driver.cluster - Setting max election id to 7fffffff0000000000000056 from replica set primary ac-5bfewms-shard-00-02.blxcxzn.mongodb.net:27017
[cluster-ClusterId{value='634683b8f3bc457a00eb4373', description='null'}-ac-5bfewms-shard-00-02.blxcxzn.mongodb.net:27017] INFO org.mongodb.driver.cluster - Setting max set version to 7 from replica set primary ac-5bfewms-shard-00-02.blxcxzn.mongodb.net:27017
[cluster-ClusterId{value='634683b8f3bc457a00eb4373', description='null'}-ac-5bfewms-shard-00-02.blxcxzn.mongodb.net:27017] INFO org.mongodb.driver.cluster - Discovered replica set primary ac-5bfewms-shard-00-02.blxcxzn.mongodb.net:27017
[cluster-rtt-ClusterId{value='634683b8f3bc457a00eb4373', description='null'}-ac-5bfewms-shard-00-01.blxcxzn.mongodb.net:27017] INFO org.mongodb.driver.connection - Opened connection [connectionId{localValue:67, serverValue:178462}] to ac-5bfewms-shard-00-01.blxcxzn.mongodb.net:27017
[cluster-ClusterId{value='634683b8f3bc457a00eb4373', description='null'}-ac-5bfewms-shard-00-00.blxcxzn.mongodb.net:27017] INFO org.mongodb.driver.connection - Opened connection [connectionId{localValue:68, serverValue:178605}] to ac-5bfewms-shard-00-00.blxcxzn.mongodb.net:27017
[cluster-ClusterId{value='634683b8f3bc457a00eb4373', description='null'}-ac-5bfewms-shard-00-00.blxcxzn.mongodb.net:27017] INFO org.mongodb.driver.cluster - Monitor thread successfully connected to server with description ServerDescription{address=ac-5bfewms-shard-00-00.blxcxzn.mongodb.net:27017, type=REPLICA_SET_SECONDARY, state=CONNECTED, ok=true, minWireVersion=0, maxWireVersion=13, maxDocumentSize=16777216, logicalSessionTimeoutMinutes=30, roundTripTimeNanos=32499641, setName='atlas-6hdzur-shard-0', canonicalAddress=ac-5bfewms-shard-00-00.blxcxzn.mongodb.net:27017, hosts=[ac-5bfewms-shard-00-00.blxcxzn.mongodb.net:27017, ac-5bfewms-shard-00-01.blxcxzn.mongodb.net:27017, ac-5bfewms-shard-00-02.blxcxzn.mongodb.net:27017], passives=[], arbiters=[], primary='ac-5bfewms-shard-00-02.blxcxzn.mongodb.net:27017', tagSet=TagSet{[Tag{name='nodeType', value='ELECTABLE'}, Tag{name='provider', value='AWS'}, Tag{name='region', value='EU_WEST_1'}, Tag{name='workloadType', value='OPERATIONAL'}]}, electionId=null, setVersion=7, topologyVersion=TopologyVersion{processId=633c34c08aae8d2d02d0a4c3, counter=4}, lastWriteDate=Wed Oct 12 10:07:04 IST 2022, lastUpdateTimeNanos=112908377077063}
[cluster-rtt-ClusterId{value='634683b8f3bc457a00eb4373', description='null'}-ac-5bfewms-shard-00-02.blxcxzn.mongodb.net:27017] INFO org.mongodb.driver.connection - Opened connection [connectionId{localValue:65, serverValue:179351}] to ac-5bfewms-shard-00-02.blxcxzn.mongodb.net:27017
[cluster-ClusterId{value='634683b8f3bc457a00eb4373', description='null'}-ac-5bfewms-shard-00-01.blxcxzn.mongodb.net:27017] INFO org.mongodb.driver.connection - Opened connection [connectionId{localValue:66, serverValue:178462}] to ac-5bfewms-shard-00-01.blxcxzn.mongodb.net:27017
[cluster-ClusterId{value='634683b8f3bc457a00eb4373', description='null'}-ac-5bfewms-shard-00-01.blxcxzn.mongodb.net:27017] INFO org.mongodb.driver.cluster - Monitor thread successfully connected to server with description ServerDescription{address=ac-5bfewms-shard-00-01.blxcxzn.mongodb.net:27017, type=REPLICA_SET_SECONDARY, state=CONNECTED, ok=true, minWireVersion=0, maxWireVersion=13, maxDocumentSize=16777216, logicalSessionTimeoutMinutes=30, roundTripTimeNanos=40168226, setName='atlas-6hdzur-shard-0', canonicalAddress=ac-5bfewms-shard-00-01.blxcxzn.mongodb.net:27017, hosts=[ac-5bfewms-shard-00-00.blxcxzn.mongodb.net:27017, ac-5bfewms-shard-00-01.blxcxzn.mongodb.net:27017, ac-5bfewms-shard-00-02.blxcxzn.mongodb.net:27017], passives=[], arbiters=[], primary='ac-5bfewms-shard-00-02.blxcxzn.mongodb.net:27017', tagSet=TagSet{[Tag{name='nodeType', value='ELECTABLE'}, Tag{name='provider', value='AWS'}, Tag{name='region', value='EU_WEST_1'}, Tag{name='workloadType', value='OPERATIONAL'}]}, electionId=null, setVersion=7, topologyVersion=TopologyVersion{processId=633c3565365488d3ed6b008e, counter=3}, lastWriteDate=Wed Oct 12 10:07:04 IST 2022, lastUpdateTimeNanos=112908384798684}
[Test worker] INFO org.mongodb.driver.connection - Opened connection [connectionId{localValue:70, serverValue:179417}] to ac-5bfewms-shard-00-02.blxcxzn.mongodb.net:27017
[Test worker] INFO org.mongodb.driver.client - MongoClient with metadata {"driver": {"name": "mongo-java-driver|sync|kmongo", "version": "4.7.1"}, "os": {"type": "Linux", "name": "Linux", "architecture": "amd64", "version": "5.19.13-200.fc36.x86_64"}, "platform": "Java/Red Hat, Inc./17.0.4.1+1|Kotlin/1.7.10"} created with settings MongoClientSettings{readPreference=primary, writeConcern=WriteConcern{w=null, wTimeout=null ms, journal=null}, retryWrites=true, retryReads=true, readConcern=ReadConcern{level=null}, credential=MongoCredential{mechanism=null, userName='bryan', source='admin', password=<hidden>, mechanismProperties=<hidden>}, streamFactoryFactory=null, commandListeners=[], codecRegistry=ProvidersCodecRegistry{codecProviders=[OverridableUuidRepresentationCodecRegistry{wrapped=ProvidersCodecRegistry{codecProviders=[ValueCodecProvider{}, BsonValueCodecProvider{}, DBRefCodecProvider{}, DBObjectCodecProvider{}, DocumentCodecProvider{}, IterableCodecProvider{}, MapCodecProvider{}, GeoJsonCodecProvider{}, GridFSFileCodecProvider{}, Jsr310CodecProvider{}, JsonObjectCodecProvider{}, BsonCodecProvider{}]}, uuidRepresentation=UNSPECIFIED}, org.litote.kmongo.service.CustomCodecProvider@4b54af3d, ProvidersCodecRegistry{codecProviders=[org.litote.kmongo.jackson.JacksonCodecProvider@7bb35cc6]}]}, clusterSettings={hosts=[127.0.0.1:27017], srvHost=coachr-client-db.blxcxzn.mongodb.net, srvServiceName=mongodb, mode=MULTIPLE, requiredClusterType=REPLICA_SET, requiredReplicaSetName='atlas-6hdzur-shard-0', serverSelector='null', clusterListeners='[]', serverSelectionTimeout='30000 ms', localThreshold='30000 ms'}, socketSettings=SocketSettings{connectTimeoutMS=10000, readTimeoutMS=0, receiveBufferSize=0, sendBufferSize=0}, heartbeatSocketSettings=SocketSettings{connectTimeoutMS=10000, readTimeoutMS=10000, receiveBufferSize=0, sendBufferSize=0}, connectionPoolSettings=ConnectionPoolSettings{maxSize=100, minSize=0, maxWaitTimeMS=120000, maxConnectionLifeTimeMS=0, maxConnectionIdleTimeMS=0, maintenanceInitialDelayMS=0, maintenanceFrequencyMS=60000, connectionPoolListeners=[], maxConnecting=2}, serverSettings=ServerSettings{heartbeatFrequencyMS=10000, minHeartbeatFrequencyMS=500, serverListeners='[]', serverMonitorListeners='[]'}, sslSettings=SslSettings{enabled=true, invalidHostNameAllowed=false, context=null}, applicationName='null', compressorList=[], uuidRepresentation=UNSPECIFIED, serverApi=null, autoEncryptionSettings=null, contextProvider=null}
[cluster-ClusterId{value='634683b9f3bc457a00eb4374', description='null'}-srv-coachr-client-db.blxcxzn.mongodb.net] INFO org.mongodb.driver.cluster - Adding discovered server ac-5bfewms-shard-00-02.blxcxzn.mongodb.net:27017 to client view of cluster
[cluster-ClusterId{value='634683b9f3bc457a00eb4374', description='null'}-srv-coachr-client-db.blxcxzn.mongodb.net] INFO org.mongodb.driver.cluster - Adding discovered server ac-5bfewms-shard-00-01.blxcxzn.mongodb.net:27017 to client view of cluster
[cluster-ClusterId{value='634683b9f3bc457a00eb4374', description='null'}-srv-coachr-client-db.blxcxzn.mongodb.net] INFO org.mongodb.driver.cluster - Adding discovered server ac-5bfewms-shard-00-00.blxcxzn.mongodb.net:27017 to client view of cluster
[cluster-rtt-ClusterId{value='634683b9f3bc457a00eb4374', description='null'}-ac-5bfewms-shard-00-00.blxcxzn.mongodb.net:27017] INFO org.mongodb.driver.connection - Opened connection [connectionId{localValue:75, serverValue:178604}] to ac-5bfewms-shard-00-00.blxcxzn.mongodb.net:27017
[cluster-ClusterId{value='634683b9f3bc457a00eb4374', description='null'}-ac-5bfewms-shard-00-02.blxcxzn.mongodb.net:27017] INFO org.mongodb.driver.connection - Opened connection [connectionId{localValue:71, serverValue:179534}] to ac-5bfewms-shard-00-02.blxcxzn.mongodb.net:27017
[cluster-rtt-ClusterId{value='634683b9f3bc457a00eb4374', description='null'}-ac-5bfewms-shard-00-01.blxcxzn.mongodb.net:27017] INFO org.mongodb.driver.connection - Opened connection [connectionId{localValue:74, serverValue:178463}] to ac-5bfewms-shard-00-01.blxcxzn.mongodb.net:27017
[cluster-ClusterId{value='634683b9f3bc457a00eb4374', description='null'}-ac-5bfewms-shard-00-02.blxcxzn.mongodb.net:27017] INFO org.mongodb.driver.cluster - Monitor thread successfully connected to server with description ServerDescription{address=ac-5bfewms-shard-00-02.blxcxzn.mongodb.net:27017, type=REPLICA_SET_PRIMARY, state=CONNECTED, ok=true, minWireVersion=0, maxWireVersion=13, maxDocumentSize=16777216, logicalSessionTimeoutMinutes=30, roundTripTimeNanos=23604868, setName='atlas-6hdzur-shard-0', canonicalAddress=ac-5bfewms-shard-00-02.blxcxzn.mongodb.net:27017, hosts=[ac-5bfewms-shard-00-00.blxcxzn.mongodb.net:27017, ac-5bfewms-shard-00-01.blxcxzn.mongodb.net:27017, ac-5bfewms-shard-00-02.blxcxzn.mongodb.net:27017], passives=[], arbiters=[], primary='ac-5bfewms-shard-00-02.blxcxzn.mongodb.net:27017', tagSet=TagSet{[Tag{name='nodeType', value='ELECTABLE'}, Tag{name='provider', value='AWS'}, Tag{name='region', value='EU_WEST_1'}, Tag{name='workloadType', value='OPERATIONAL'}]}, electionId=7fffffff0000000000000056, setVersion=7, topologyVersion=TopologyVersion{processId=633c35123507a642fa1fa1a2, counter=6}, lastWriteDate=Wed Oct 12 10:07:05 IST 2022, lastUpdateTimeNanos=112910096115308}
[cluster-ClusterId{value='634683b9f3bc457a00eb4374', description='null'}-ac-5bfewms-shard-00-02.blxcxzn.mongodb.net:27017] INFO org.mongodb.driver.cluster - Setting max election id to 7fffffff0000000000000056 from replica set primary ac-5bfewms-shard-00-02.blxcxzn.mongodb.net:27017
[cluster-ClusterId{value='634683b9f3bc457a00eb4374', description='null'}-ac-5bfewms-shard-00-02.blxcxzn.mongodb.net:27017] INFO org.mongodb.driver.cluster - Setting max set version to 7 from replica set primary ac-5bfewms-shard-00-02.blxcxzn.mongodb.net:27017
[cluster-ClusterId{value='634683b9f3bc457a00eb4374', description='null'}-ac-5bfewms-shard-00-02.blxcxzn.mongodb.net:27017] INFO org.mongodb.driver.cluster - Discovered replica set primary ac-5bfewms-shard-00-02.blxcxzn.mongodb.net:27017
[cluster-rtt-ClusterId{value='634683b9f3bc457a00eb4374', description='null'}-ac-5bfewms-shard-00-02.blxcxzn.mongodb.net:27017] INFO org.mongodb.driver.connection - Opened connection [connectionId{localValue:72, serverValue:179508}] to ac-5bfewms-shard-00-02.blxcxzn.mongodb.net:27017
[cluster-ClusterId{value='634683b9f3bc457a00eb4374', description='null'}-ac-5bfewms-shard-00-00.blxcxzn.mongodb.net:27017] INFO org.mongodb.driver.connection - Opened connection [connectionId{localValue:76, serverValue:178604}] to ac-5bfewms-shard-00-00.blxcxzn.mongodb.net:27017
[cluster-ClusterId{value='634683b9f3bc457a00eb4374', description='null'}-ac-5bfewms-shard-00-01.blxcxzn.mongodb.net:27017] INFO org.mongodb.driver.connection - Opened connection [connectionId{localValue:73, serverValue:178463}] to ac-5bfewms-shard-00-01.blxcxzn.mongodb.net:27017
[cluster-ClusterId{value='634683b9f3bc457a00eb4374', description='null'}-ac-5bfewms-shard-00-00.blxcxzn.mongodb.net:27017] INFO org.mongodb.driver.cluster - Monitor thread successfully connected to server with description ServerDescription{address=ac-5bfewms-shard-00-00.blxcxzn.mongodb.net:27017, type=REPLICA_SET_SECONDARY, state=CONNECTED, ok=true, minWireVersion=0, maxWireVersion=13, maxDocumentSize=16777216, logicalSessionTimeoutMinutes=30, roundTripTimeNanos=38460957, setName='atlas-6hdzur-shard-0', canonicalAddress=ac-5bfewms-shard-00-00.blxcxzn.mongodb.net:27017, hosts=[ac-5bfewms-shard-00-00.blxcxzn.mongodb.net:27017, ac-5bfewms-shard-00-01.blxcxzn.mongodb.net:27017, ac-5bfewms-shard-00-02.blxcxzn.mongodb.net:27017], passives=[], arbiters=[], primary='ac-5bfewms-shard-00-02.blxcxzn.mongodb.net:27017', tagSet=TagSet{[Tag{name='nodeType', value='ELECTABLE'}, Tag{name='provider', value='AWS'}, Tag{name='region', value='EU_WEST_1'}, Tag{name='workloadType', value='OPERATIONAL'}]}, electionId=null, setVersion=7, topologyVersion=TopologyVersion{processId=633c34c08aae8d2d02d0a4c3, counter=4}, lastWriteDate=Wed Oct 12 10:07:05 IST 2022, lastUpdateTimeNanos=112910110970594}
[cluster-ClusterId{value='634683b9f3bc457a00eb4374', description='null'}-ac-5bfewms-shard-00-01.blxcxzn.mongodb.net:27017] INFO org.mongodb.driver.cluster - Monitor thread successfully connected to server with description ServerDescription{address=ac-5bfewms-shard-00-01.blxcxzn.mongodb.net:27017, type=REPLICA_SET_SECONDARY, state=CONNECTED, ok=true, minWireVersion=0, maxWireVersion=13, maxDocumentSize=16777216, logicalSessionTimeoutMinutes=30, roundTripTimeNanos=38529124, setName='atlas-6hdzur-shard-0', canonicalAddress=ac-5bfewms-shard-00-01.blxcxzn.mongodb.net:27017, hosts=[ac-5bfewms-shard-00-00.blxcxzn.mongodb.net:27017, ac-5bfewms-shard-00-01.blxcxzn.mongodb.net:27017, ac-5bfewms-shard-00-02.blxcxzn.mongodb.net:27017], passives=[], arbiters=[], primary='ac-5bfewms-shard-00-02.blxcxzn.mongodb.net:27017', tagSet=TagSet{[Tag{name='nodeType', value='ELECTABLE'}, Tag{name='provider', value='AWS'}, Tag{name='region', value='EU_WEST_1'}, Tag{name='workloadType', value='OPERATIONAL'}]}, electionId=null, setVersion=7, topologyVersion=TopologyVersion{processId=633c3565365488d3ed6b008e, counter=3}, lastWriteDate=Wed Oct 12 10:07:05 IST 2022, lastUpdateTimeNanos=112910111049186}
[Test worker] INFO org.mongodb.driver.connection - Opened connection [connectionId{localValue:77, serverValue:179535}] to ac-5bfewms-shard-00-02.blxcxzn.mongodb.net:27017
[Test worker] INFO org.mongodb.driver.client - MongoClient with metadata {"driver": {"name": "mongo-java-driver|sync|kmongo", "version": "4.7.1"}, "os": {"type": "Linux", "name": "Linux", "architecture": "amd64", "version": "5.19.13-200.fc36.x86_64"}, "platform": "Java/Red Hat, Inc./17.0.4.1+1|Kotlin/1.7.10"} created with settings MongoClientSettings{readPreference=primary, writeConcern=WriteConcern{w=null, wTimeout=null ms, journal=null}, retryWrites=true, retryReads=true, readConcern=ReadConcern{level=null}, credential=MongoCredential{mechanism=null, userName='bryan', source='admin', password=<hidden>, mechanismProperties=<hidden>}, streamFactoryFactory=null, commandListeners=[], codecRegistry=ProvidersCodecRegistry{codecProviders=[OverridableUuidRepresentationCodecRegistry{wrapped=ProvidersCodecRegistry{codecProviders=[ValueCodecProvider{}, BsonValueCodecProvider{}, DBRefCodecProvider{}, DBObjectCodecProvider{}, DocumentCodecProvider{}, IterableCodecProvider{}, MapCodecProvider{}, GeoJsonCodecProvider{}, GridFSFileCodecProvider{}, Jsr310CodecProvider{}, JsonObjectCodecProvider{}, BsonCodecProvider{}]}, uuidRepresentation=UNSPECIFIED}, org.litote.kmongo.service.CustomCodecProvider@4b54af3d, ProvidersCodecRegistry{codecProviders=[org.litote.kmongo.jackson.JacksonCodecProvider@7bb35cc6]}]}, clusterSettings={hosts=[127.0.0.1:27017], srvHost=coachr-client-db.blxcxzn.mongodb.net, srvServiceName=mongodb, mode=MULTIPLE, requiredClusterType=REPLICA_SET, requiredReplicaSetName='atlas-6hdzur-shard-0', serverSelector='null', clusterListeners='[]', serverSelectionTimeout='30000 ms', localThreshold='30000 ms'}, socketSettings=SocketSettings{connectTimeoutMS=10000, readTimeoutMS=0, receiveBufferSize=0, sendBufferSize=0}, heartbeatSocketSettings=SocketSettings{connectTimeoutMS=10000, readTimeoutMS=10000, receiveBufferSize=0, sendBufferSize=0}, connectionPoolSettings=ConnectionPoolSettings{maxSize=100, minSize=0, maxWaitTimeMS=120000, maxConnectionLifeTimeMS=0, maxConnectionIdleTimeMS=0, maintenanceInitialDelayMS=0, maintenanceFrequencyMS=60000, connectionPoolListeners=[], maxConnecting=2}, serverSettings=ServerSettings{heartbeatFrequencyMS=10000, minHeartbeatFrequencyMS=500, serverListeners='[]', serverMonitorListeners='[]'}, sslSettings=SslSettings{enabled=true, invalidHostNameAllowed=false, context=null}, applicationName='null', compressorList=[], uuidRepresentation=UNSPECIFIED, serverApi=null, autoEncryptionSettings=null, contextProvider=null}
[cluster-ClusterId{value='634683bbf3bc457a00eb4375', description='null'}-srv-coachr-client-db.blxcxzn.mongodb.net] INFO org.mongodb.driver.cluster - Adding discovered server ac-5bfewms-shard-00-02.blxcxzn.mongodb.net:27017 to client view of cluster
[cluster-ClusterId{value='634683bbf3bc457a00eb4375', description='null'}-srv-coachr-client-db.blxcxzn.mongodb.net] INFO org.mongodb.driver.cluster - Adding discovered server ac-5bfewms-shard-00-01.blxcxzn.mongodb.net:27017 to client view of cluster
[cluster-ClusterId{value='634683bbf3bc457a00eb4375', description='null'}-srv-coachr-client-db.blxcxzn.mongodb.net] INFO org.mongodb.driver.cluster - Adding discovered server ac-5bfewms-shard-00-00.blxcxzn.mongodb.net:27017 to client view of cluster
[cluster-ClusterId{value='634683bbf3bc457a00eb4375', description='null'}-ac-5bfewms-shard-00-02.blxcxzn.mongodb.net:27017] INFO org.mongodb.driver.connection - Opened connection [connectionId{localValue:78, serverValue:179412}] to ac-5bfewms-shard-00-02.blxcxzn.mongodb.net:27017
[cluster-ClusterId{value='634683bbf3bc457a00eb4375', description='null'}-ac-5bfewms-shard-00-02.blxcxzn.mongodb.net:27017] INFO org.mongodb.driver.cluster - Monitor thread successfully connected to server with description ServerDescription{address=ac-5bfewms-shard-00-02.blxcxzn.mongodb.net:27017, type=REPLICA_SET_PRIMARY, state=CONNECTED, ok=true, minWireVersion=0, maxWireVersion=13, maxDocumentSize=16777216, logicalSessionTimeoutMinutes=30, roundTripTimeNanos=29295051, setName='atlas-6hdzur-shard-0', canonicalAddress=ac-5bfewms-shard-00-02.blxcxzn.mongodb.net:27017, hosts=[ac-5bfewms-shard-00-00.blxcxzn.mongodb.net:27017, ac-5bfewms-shard-00-01.blxcxzn.mongodb.net:27017, ac-5bfewms-shard-00-02.blxcxzn.mongodb.net:27017], passives=[], arbiters=[], primary='ac-5bfewms-shard-00-02.blxcxzn.mongodb.net:27017', tagSet=TagSet{[Tag{name='nodeType', value='ELECTABLE'}, Tag{name='provider', value='AWS'}, Tag{name='region', value='EU_WEST_1'}, Tag{name='workloadType', value='OPERATIONAL'}]}, electionId=7fffffff0000000000000056, setVersion=7, topologyVersion=TopologyVersion{processId=633c35123507a642fa1fa1a2, counter=6}, lastWriteDate=Wed Oct 12 10:07:07 IST 2022, lastUpdateTimeNanos=112911739261152}
[cluster-ClusterId{value='634683bbf3bc457a00eb4375', description='null'}-ac-5bfewms-shard-00-02.blxcxzn.mongodb.net:27017] INFO org.mongodb.driver.cluster - Setting max election id to 7fffffff0000000000000056 from replica set primary ac-5bfewms-shard-00-02.blxcxzn.mongodb.net:27017
[cluster-ClusterId{value='634683bbf3bc457a00eb4375', description='null'}-ac-5bfewms-shard-00-02.blxcxzn.mongodb.net:27017] INFO org.mongodb.driver.cluster - Setting max set version to 7 from replica set primary ac-5bfewms-shard-00-02.blxcxzn.mongodb.net:27017
[cluster-ClusterId{value='634683bbf3bc457a00eb4375', description='null'}-ac-5bfewms-shard-00-02.blxcxzn.mongodb.net:27017] INFO org.mongodb.driver.cluster - Discovered replica set primary ac-5bfewms-shard-00-02.blxcxzn.mongodb.net:27017
[cluster-rtt-ClusterId{value='634683bbf3bc457a00eb4375', description='null'}-ac-5bfewms-shard-00-02.blxcxzn.mongodb.net:27017] INFO org.mongodb.driver.connection - Opened connection [connectionId{localValue:79, serverValue:179412}] to ac-5bfewms-shard-00-02.blxcxzn.mongodb.net:27017
[cluster-rtt-ClusterId{value='634683bbf3bc457a00eb4375', description='null'}-ac-5bfewms-shard-00-01.blxcxzn.mongodb.net:27017] INFO org.mongodb.driver.connection - Opened connection [connectionId{localValue:81, serverValue:178464}] to ac-5bfewms-shard-00-01.blxcxzn.mongodb.net:27017
[cluster-rtt-ClusterId{value='634683bbf3bc457a00eb4375', description='null'}-ac-5bfewms-shard-00-00.blxcxzn.mongodb.net:27017] INFO org.mongodb.driver.connection - Opened connection [connectionId{localValue:83, serverValue:178610}] to ac-5bfewms-shard-00-00.blxcxzn.mongodb.net:27017
[cluster-ClusterId{value='634683bbf3bc457a00eb4375', description='null'}-ac-5bfewms-shard-00-01.blxcxzn.mongodb.net:27017] INFO org.mongodb.driver.connection - Opened connection [connectionId{localValue:80, serverValue:178464}] to ac-5bfewms-shard-00-01.blxcxzn.mongodb.net:27017
[cluster-ClusterId{value='634683bbf3bc457a00eb4375', description='null'}-ac-5bfewms-shard-00-00.blxcxzn.mongodb.net:27017] INFO org.mongodb.driver.connection - Opened connection [connectionId{localValue:82, serverValue:178610}] to ac-5bfewms-shard-00-00.blxcxzn.mongodb.net:27017
[cluster-ClusterId{value='634683bbf3bc457a00eb4375', description='null'}-ac-5bfewms-shard-00-01.blxcxzn.mongodb.net:27017] INFO org.mongodb.driver.cluster - Monitor thread successfully connected to server with description ServerDescription{address=ac-5bfewms-shard-00-01.blxcxzn.mongodb.net:27017, type=REPLICA_SET_SECONDARY, state=CONNECTED, ok=true, minWireVersion=0, maxWireVersion=13, maxDocumentSize=16777216, logicalSessionTimeoutMinutes=30, roundTripTimeNanos=43705920, setName='atlas-6hdzur-shard-0', canonicalAddress=ac-5bfewms-shard-00-01.blxcxzn.mongodb.net:27017, hosts=[ac-5bfewms-shard-00-00.blxcxzn.mongodb.net:27017, ac-5bfewms-shard-00-01.blxcxzn.mongodb.net:27017, ac-5bfewms-shard-00-02.blxcxzn.mongodb.net:27017], passives=[], arbiters=[], primary='ac-5bfewms-shard-00-02.blxcxzn.mongodb.net:27017', tagSet=TagSet{[Tag{name='nodeType', value='ELECTABLE'}, Tag{name='provider', value='AWS'}, Tag{name='region', value='EU_WEST_1'}, Tag{name='workloadType', value='OPERATIONAL'}]}, electionId=null, setVersion=7, topologyVersion=TopologyVersion{processId=633c3565365488d3ed6b008e, counter=3}, lastWriteDate=Wed Oct 12 10:07:07 IST 2022, lastUpdateTimeNanos=112911753719670}
[cluster-ClusterId{value='634683bbf3bc457a00eb4375', description='null'}-ac-5bfewms-shard-00-00.blxcxzn.mongodb.net:27017] INFO org.mongodb.driver.cluster - Monitor thread successfully connected to server with description ServerDescription{address=ac-5bfewms-shard-00-00.blxcxzn.mongodb.net:27017, type=REPLICA_SET_SECONDARY, state=CONNECTED, ok=true, minWireVersion=0, maxWireVersion=13, maxDocumentSize=16777216, logicalSessionTimeoutMinutes=30, roundTripTimeNanos=43356907, setName='atlas-6hdzur-shard-0', canonicalAddress=ac-5bfewms-shard-00-00.blxcxzn.mongodb.net:27017, hosts=[ac-5bfewms-shard-00-00.blxcxzn.mongodb.net:27017, ac-5bfewms-shard-00-01.blxcxzn.mongodb.net:27017, ac-5bfewms-shard-00-02.blxcxzn.mongodb.net:27017], passives=[], arbiters=[], primary='ac-5bfewms-shard-00-02.blxcxzn.mongodb.net:27017', tagSet=TagSet{[Tag{name='nodeType', value='ELECTABLE'}, Tag{name='provider', value='AWS'}, Tag{name='region', value='EU_WEST_1'}, Tag{name='workloadType', value='OPERATIONAL'}]}, electionId=null, setVersion=7, topologyVersion=TopologyVersion{processId=633c34c08aae8d2d02d0a4c3, counter=4}, lastWriteDate=Wed Oct 12 10:07:07 IST 2022, lastUpdateTimeNanos=112911753719670}
[Test worker] INFO org.mongodb.driver.connection - Opened connection [connectionId{localValue:84, serverValue:179404}] to ac-5bfewms-shard-00-02.blxcxzn.mongodb.net:27017
[Test worker] INFO org.mongodb.driver.client - MongoClient with metadata {"driver": {"name": "mongo-java-driver|sync|kmongo", "version": "4.7.1"}, "os": {"type": "Linux", "name": "Linux", "architecture": "amd64", "version": "5.19.13-200.fc36.x86_64"}, "platform": "Java/Red Hat, Inc./17.0.4.1+1|Kotlin/1.7.10"} created with settings MongoClientSettings{readPreference=primary, writeConcern=WriteConcern{w=null, wTimeout=null ms, journal=null}, retryWrites=true, retryReads=true, readConcern=ReadConcern{level=null}, credential=MongoCredential{mechanism=null, userName='bryan', source='admin', password=<hidden>, mechanismProperties=<hidden>}, streamFactoryFactory=null, commandListeners=[], codecRegistry=ProvidersCodecRegistry{codecProviders=[OverridableUuidRepresentationCodecRegistry{wrapped=ProvidersCodecRegistry{codecProviders=[ValueCodecProvider{}, BsonValueCodecProvider{}, DBRefCodecProvider{}, DBObjectCodecProvider{}, DocumentCodecProvider{}, IterableCodecProvider{}, MapCodecProvider{}, GeoJsonCodecProvider{}, GridFSFileCodecProvider{}, Jsr310CodecProvider{}, JsonObjectCodecProvider{}, BsonCodecProvider{}]}, uuidRepresentation=UNSPECIFIED}, org.litote.kmongo.service.CustomCodecProvider@4b54af3d, ProvidersCodecRegistry{codecProviders=[org.litote.kmongo.jackson.JacksonCodecProvider@7bb35cc6]}]}, clusterSettings={hosts=[127.0.0.1:27017], srvHost=coachr-client-db.blxcxzn.mongodb.net, srvServiceName=mongodb, mode=MULTIPLE, requiredClusterType=REPLICA_SET, requiredReplicaSetName='atlas-6hdzur-shard-0', serverSelector='null', clusterListeners='[]', serverSelectionTimeout='30000 ms', localThreshold='30000 ms'}, socketSettings=SocketSettings{connectTimeoutMS=10000, readTimeoutMS=0, receiveBufferSize=0, sendBufferSize=0}, heartbeatSocketSettings=SocketSettings{connectTimeoutMS=10000, readTimeoutMS=10000, receiveBufferSize=0, sendBufferSize=0}, connectionPoolSettings=ConnectionPoolSettings{maxSize=100, minSize=0, maxWaitTimeMS=120000, maxConnectionLifeTimeMS=0, maxConnectionIdleTimeMS=0, maintenanceInitialDelayMS=0, maintenanceFrequencyMS=60000, connectionPoolListeners=[], maxConnecting=2}, serverSettings=ServerSettings{heartbeatFrequencyMS=10000, minHeartbeatFrequencyMS=500, serverListeners='[]', serverMonitorListeners='[]'}, sslSettings=SslSettings{enabled=true, invalidHostNameAllowed=false, context=null}, applicationName='null', compressorList=[], uuidRepresentation=UNSPECIFIED, serverApi=null, autoEncryptionSettings=null, contextProvider=null}
[cluster-ClusterId{value='634683bdf3bc457a00eb4376', description='null'}-srv-coachr-client-db.blxcxzn.mongodb.net] INFO org.mongodb.driver.cluster - Adding discovered server ac-5bfewms-shard-00-02.blxcxzn.mongodb.net:27017 to client view of cluster
[cluster-ClusterId{value='634683bdf3bc457a00eb4376', description='null'}-srv-coachr-client-db.blxcxzn.mongodb.net] INFO org.mongodb.driver.cluster - Adding discovered server ac-5bfewms-shard-00-01.blxcxzn.mongodb.net:27017 to client view of cluster
[cluster-ClusterId{value='634683bdf3bc457a00eb4376', description='null'}-srv-coachr-client-db.blxcxzn.mongodb.net] INFO org.mongodb.driver.cluster - Adding discovered server ac-5bfewms-shard-00-00.blxcxzn.mongodb.net:27017 to client view of cluster
[cluster-ClusterId{value='634683bdf3bc457a00eb4376', description='null'}-ac-5bfewms-shard-00-01.blxcxzn.mongodb.net:27017] INFO org.mongodb.driver.connection - Opened connection [connectionId{localValue:87, serverValue:178465}] to ac-5bfewms-shard-00-01.blxcxzn.mongodb.net:27017
[cluster-ClusterId{value='634683bdf3bc457a00eb4376', description='null'}-ac-5bfewms-shard-00-01.blxcxzn.mongodb.net:27017] INFO org.mongodb.driver.cluster - Monitor thread successfully connected to server with description ServerDescription{address=ac-5bfewms-shard-00-01.blxcxzn.mongodb.net:27017, type=REPLICA_SET_SECONDARY, state=CONNECTED, ok=true, minWireVersion=0, maxWireVersion=13, maxDocumentSize=16777216, logicalSessionTimeoutMinutes=30, roundTripTimeNanos=23708856, setName='atlas-6hdzur-shard-0', canonicalAddress=ac-5bfewms-shard-00-01.blxcxzn.mongodb.net:27017, hosts=[ac-5bfewms-shard-00-00.blxcxzn.mongodb.net:27017, ac-5bfewms-shard-00-01.blxcxzn.mongodb.net:27017, ac-5bfewms-shard-00-02.blxcxzn.mongodb.net:27017], passives=[], arbiters=[], primary='ac-5bfewms-shard-00-02.blxcxzn.mongodb.net:27017', tagSet=TagSet{[Tag{name='nodeType', value='ELECTABLE'}, Tag{name='provider', value='AWS'}, Tag{name='region', value='EU_WEST_1'}, Tag{name='workloadType', value='OPERATIONAL'}]}, electionId=null, setVersion=7, topologyVersion=TopologyVersion{processId=633c3565365488d3ed6b008e, counter=3}, lastWriteDate=Wed Oct 12 10:07:09 IST 2022, lastUpdateTimeNanos=112913418833916}
[cluster-rtt-ClusterId{value='634683bdf3bc457a00eb4376', description='null'}-ac-5bfewms-shard-00-02.blxcxzn.mongodb.net:27017] INFO org.mongodb.driver.connection - Opened connection [connectionId{localValue:86, serverValue:179379}] to ac-5bfewms-shard-00-02.blxcxzn.mongodb.net:27017
[cluster-ClusterId{value='634683bdf3bc457a00eb4376', description='null'}-ac-5bfewms-shard-00-02.blxcxzn.mongodb.net:27017] INFO org.mongodb.driver.connection - Opened connection [connectionId{localValue:85, serverValue:179433}] to ac-5bfewms-shard-00-02.blxcxzn.mongodb.net:27017
[cluster-rtt-ClusterId{value='634683bdf3bc457a00eb4376', description='null'}-ac-5bfewms-shard-00-00.blxcxzn.mongodb.net:27017] INFO org.mongodb.driver.connection - Opened connection [connectionId{localValue:90, serverValue:178611}] to ac-5bfewms-shard-00-00.blxcxzn.mongodb.net:27017
[cluster-ClusterId{value='634683bdf3bc457a00eb4376', description='null'}-ac-5bfewms-shard-00-02.blxcxzn.mongodb.net:27017] INFO org.mongodb.driver.cluster - Monitor thread successfully connected to server with description ServerDescription{address=ac-5bfewms-shard-00-02.blxcxzn.mongodb.net:27017, type=REPLICA_SET_PRIMARY, state=CONNECTED, ok=true, minWireVersion=0, maxWireVersion=13, maxDocumentSize=16777216, logicalSessionTimeoutMinutes=30, roundTripTimeNanos=41401944, setName='atlas-6hdzur-shard-0', canonicalAddress=ac-5bfewms-shard-00-02.blxcxzn.mongodb.net:27017, hosts=[ac-5bfewms-shard-00-00.blxcxzn.mongodb.net:27017, ac-5bfewms-shard-00-01.blxcxzn.mongodb.net:27017, ac-5bfewms-shard-00-02.blxcxzn.mongodb.net:27017], passives=[], arbiters=[], primary='ac-5bfewms-shard-00-02.blxcxzn.mongodb.net:27017', tagSet=TagSet{[Tag{name='nodeType', value='ELECTABLE'}, Tag{name='provider', value='AWS'}, Tag{name='region', value='EU_WEST_1'}, Tag{name='workloadType', value='OPERATIONAL'}]}, electionId=7fffffff0000000000000056, setVersion=7, topologyVersion=TopologyVersion{processId=633c35123507a642fa1fa1a2, counter=6}, lastWriteDate=Wed Oct 12 10:07:09 IST 2022, lastUpdateTimeNanos=112913436544729}
[cluster-rtt-ClusterId{value='634683bdf3bc457a00eb4376', description='null'}-ac-5bfewms-shard-00-01.blxcxzn.mongodb.net:27017] INFO org.mongodb.driver.connection - Opened connection [connectionId{localValue:88, serverValue:178461}] to ac-5bfewms-shard-00-01.blxcxzn.mongodb.net:27017
[cluster-ClusterId{value='634683bdf3bc457a00eb4376', description='null'}-ac-5bfewms-shard-00-02.blxcxzn.mongodb.net:27017] INFO org.mongodb.driver.cluster - Setting max election id to 7fffffff0000000000000056 from replica set primary ac-5bfewms-shard-00-02.blxcxzn.mongodb.net:27017
[cluster-ClusterId{value='634683bdf3bc457a00eb4376', description='null'}-ac-5bfewms-shard-00-02.blxcxzn.mongodb.net:27017] INFO org.mongodb.driver.cluster - Setting max set version to 7 from replica set primary ac-5bfewms-shard-00-02.blxcxzn.mongodb.net:27017
[cluster-ClusterId{value='634683bdf3bc457a00eb4376', description='null'}-ac-5bfewms-shard-00-02.blxcxzn.mongodb.net:27017] INFO org.mongodb.driver.cluster - Discovered replica set primary ac-5bfewms-shard-00-02.blxcxzn.mongodb.net:27017
[cluster-ClusterId{value='634683bdf3bc457a00eb4376', description='null'}-ac-5bfewms-shard-00-00.blxcxzn.mongodb.net:27017] INFO org.mongodb.driver.connection - Opened connection [connectionId{localValue:89, serverValue:178611}] to ac-5bfewms-shard-00-00.blxcxzn.mongodb.net:27017
[cluster-ClusterId{value='634683bdf3bc457a00eb4376', description='null'}-ac-5bfewms-shard-00-00.blxcxzn.mongodb.net:27017] INFO org.mongodb.driver.cluster - Monitor thread successfully connected to server with description ServerDescription{address=ac-5bfewms-shard-00-00.blxcxzn.mongodb.net:27017, type=REPLICA_SET_SECONDARY, state=CONNECTED, ok=true, minWireVersion=0, maxWireVersion=13, maxDocumentSize=16777216, logicalSessionTimeoutMinutes=30, roundTripTimeNanos=50683016, setName='atlas-6hdzur-shard-0', canonicalAddress=ac-5bfewms-shard-00-00.blxcxzn.mongodb.net:27017, hosts=[ac-5bfewms-shard-00-00.blxcxzn.mongodb.net:27017, ac-5bfewms-shard-00-01.blxcxzn.mongodb.net:27017, ac-5bfewms-shard-00-02.blxcxzn.mongodb.net:27017], passives=[], arbiters=[], primary='ac-5bfewms-shard-00-02.blxcxzn.mongodb.net:27017', tagSet=TagSet{[Tag{name='nodeType', value='ELECTABLE'}, Tag{name='provider', value='AWS'}, Tag{name='region', value='EU_WEST_1'}, Tag{name='workloadType', value='OPERATIONAL'}]}, electionId=null, setVersion=7, topologyVersion=TopologyVersion{processId=633c34c08aae8d2d02d0a4c3, counter=4}, lastWriteDate=Wed Oct 12 10:07:09 IST 2022, lastUpdateTimeNanos=112913446130863}
[Test worker] INFO org.mongodb.driver.connection - Opened connection [connectionId{localValue:91, serverValue:179383}] to ac-5bfewms-shard-00-02.blxcxzn.mongodb.net:27017
]]></system-err>
</testsuite>
